<?xml version="1.0" encoding="UTF-8"?>
<testng-results skipped="0" failed="0" ignored="0" total="1" passed="1">
  <reporter-output>
    <line>
      <![CDATA[User launched login URL]]>
    </line>
    <line>
      <![CDATA[User enters the user name abc]]>
    </line>
    <line>
      <![CDATA[User enters the user name A@123]]>
    </line>
    <line>
      <![CDATA[User clicks on login button]]>
    </line>
    <line>
      <![CDATA[[Assertion Passed]: User is able to see Incorrect email/password combination text]]>
    </line>
    <line>
      <![CDATA[*************************************]]>
    </line>
    <line>
      <![CDATA[Feature Name> Scenario Name: Verify error messages "Incorrect email/password combination" is displayed when user enters invalid mail ID]]>
    </line>
    <line>
      <![CDATA[Scenario Result: PASSED]]>
    </line>
    <line>
      <![CDATA[User launched login URL]]>
    </line>
    <line>
      <![CDATA[User enters the user name @]]>
    </line>
    <line>
      <![CDATA[User enters the user name A@123]]>
    </line>
    <line>
      <![CDATA[User clicks on login button]]>
    </line>
    <line>
      <![CDATA[[Assertion Passed]: User is able to see Incorrect email/password combination text]]>
    </line>
    <line>
      <![CDATA[*************************************]]>
    </line>
    <line>
      <![CDATA[Feature Name> Scenario Name: Verify error messages "Incorrect email/password combination" is displayed when user enters invalid mail ID]]>
    </line>
    <line>
      <![CDATA[Scenario Result: PASSED]]>
    </line>
    <line>
      <![CDATA[User launched login URL]]>
    </line>
    <line>
      <![CDATA[User enters the user name .com]]>
    </line>
    <line>
      <![CDATA[User enters the user name A@123]]>
    </line>
    <line>
      <![CDATA[User clicks on login button]]>
    </line>
    <line>
      <![CDATA[[Assertion Passed]: User is able to see Incorrect email/password combination text]]>
    </line>
    <line>
      <![CDATA[*************************************]]>
    </line>
    <line>
      <![CDATA[Feature Name> Scenario Name: Verify error messages "Incorrect email/password combination" is displayed when user enters invalid mail ID]]>
    </line>
    <line>
      <![CDATA[Scenario Result: PASSED]]>
    </line>
    <line>
      <![CDATA[User launched login URL]]>
    </line>
    <line>
      <![CDATA[User enters the user name @test.com]]>
    </line>
    <line>
      <![CDATA[User enters the user name A@123]]>
    </line>
    <line>
      <![CDATA[User clicks on login button]]>
    </line>
    <line>
      <![CDATA[[Assertion Passed]: User is able to see Incorrect email/password combination text]]>
    </line>
    <line>
      <![CDATA[*************************************]]>
    </line>
    <line>
      <![CDATA[Feature Name> Scenario Name: Verify error messages "Incorrect email/password combination" is displayed when user enters invalid mail ID]]>
    </line>
    <line>
      <![CDATA[Scenario Result: PASSED]]>
    </line>
    <line>
      <![CDATA[User launched login URL]]>
    </line>
    <line>
      <![CDATA[User enters the user name quality@jukinmedia.com]]>
    </line>
    <line>
      <![CDATA[User enters the user name A@123]]>
    </line>
    <line>
      <![CDATA[User clicks on login button]]>
    </line>
    <line>
      <![CDATA[[Assertion Passed]: Incorrect password text is displayed]]>
    </line>
    <line>
      <![CDATA[*************************************]]>
    </line>
    <line>
      <![CDATA[Feature Name> Scenario Name: Verify error message "Incorrect password" is displayed when user enters incorrect password]]>
    </line>
    <line>
      <![CDATA[Scenario Result: PASSED]]>
    </line>
    <line>
      <![CDATA[Test over]]>
    </line>
  </reporter-output>
  <suite name="Surefire suite" duration-ms="11921" started-at="2020-09-30T19:03:04 IST" finished-at="2020-09-30T19:03:16 IST">
    <groups>
      <group name="cucumber">
        <method signature="AbstractTestNGCucumberTests.feature(cucumber.api.testng.CucumberFeatureWrapper)[pri:0, instance:JukinMedia.automation.Runner@7fac631b]" name="feature" class="cucumber.api.testng.AbstractTestNGCucumberTests"/>
      </group> <!-- cucumber -->
    </groups>
    <test name="Surefire test" duration-ms="11921" started-at="2020-09-30T19:03:04 IST" finished-at="2020-09-30T19:03:16 IST">
      <class name="JukinMedia.automation.Runner">
        <test-method status="PASS" signature="setUpClass()[pri:0, instance:JukinMedia.automation.Runner@7fac631b]" name="setUpClass" is-config="true" duration-ms="446" started-at="2020-09-30T19:03:04 IST" finished-at="2020-09-30T19:03:05 IST">
          <reporter-output>
          </reporter-output>
        </test-method> <!-- setUpClass -->
        <test-method status="PASS" signature="setup()[pri:0, instance:JukinMedia.automation.Runner@7fac631b]" name="setup" is-config="true" duration-ms="5048" started-at="2020-09-30T19:03:05 IST" finished-at="2020-09-30T19:03:10 IST">
          <reporter-output>
          </reporter-output>
        </test-method> <!-- setup -->
        <test-method status="PASS" signature="feature(cucumber.api.testng.CucumberFeatureWrapper)[pri:0, instance:JukinMedia.automation.Runner@7fac631b]" name="feature" duration-ms="5451" started-at="2020-09-30T19:03:10 IST" description="Runs Cucumber Feature" data-provider="features" finished-at="2020-09-30T19:03:16 IST">
          <params>
            <param index="0">
              <value>
                <![CDATA[Login Page]]>
              </value>
            </param>
          </params>
          <reporter-output>
            <line>
              <![CDATA[User launched login URL]]>
            </line>
            <line>
              <![CDATA[User enters the user name abc]]>
            </line>
            <line>
              <![CDATA[User enters the user name A@123]]>
            </line>
            <line>
              <![CDATA[User clicks on login button]]>
            </line>
            <line>
              <![CDATA[[Assertion Passed]: User is able to see Incorrect email/password combination text]]>
            </line>
            <line>
              <![CDATA[*************************************]]>
            </line>
            <line>
              <![CDATA[Feature Name> Scenario Name: Verify error messages "Incorrect email/password combination" is displayed when user enters invalid mail ID]]>
            </line>
            <line>
              <![CDATA[Scenario Result: PASSED]]>
            </line>
            <line>
              <![CDATA[User launched login URL]]>
            </line>
            <line>
              <![CDATA[User enters the user name @]]>
            </line>
            <line>
              <![CDATA[User enters the user name A@123]]>
            </line>
            <line>
              <![CDATA[User clicks on login button]]>
            </line>
            <line>
              <![CDATA[[Assertion Passed]: User is able to see Incorrect email/password combination text]]>
            </line>
            <line>
              <![CDATA[*************************************]]>
            </line>
            <line>
              <![CDATA[Feature Name> Scenario Name: Verify error messages "Incorrect email/password combination" is displayed when user enters invalid mail ID]]>
            </line>
            <line>
              <![CDATA[Scenario Result: PASSED]]>
            </line>
            <line>
              <![CDATA[User launched login URL]]>
            </line>
            <line>
              <![CDATA[User enters the user name .com]]>
            </line>
            <line>
              <![CDATA[User enters the user name A@123]]>
            </line>
            <line>
              <![CDATA[User clicks on login button]]>
            </line>
            <line>
              <![CDATA[[Assertion Passed]: User is able to see Incorrect email/password combination text]]>
            </line>
            <line>
              <![CDATA[*************************************]]>
            </line>
            <line>
              <![CDATA[Feature Name> Scenario Name: Verify error messages "Incorrect email/password combination" is displayed when user enters invalid mail ID]]>
            </line>
            <line>
              <![CDATA[Scenario Result: PASSED]]>
            </line>
            <line>
              <![CDATA[User launched login URL]]>
            </line>
            <line>
              <![CDATA[User enters the user name @test.com]]>
            </line>
            <line>
              <![CDATA[User enters the user name A@123]]>
            </line>
            <line>
              <![CDATA[User clicks on login button]]>
            </line>
            <line>
              <![CDATA[[Assertion Passed]: User is able to see Incorrect email/password combination text]]>
            </line>
            <line>
              <![CDATA[*************************************]]>
            </line>
            <line>
              <![CDATA[Feature Name> Scenario Name: Verify error messages "Incorrect email/password combination" is displayed when user enters invalid mail ID]]>
            </line>
            <line>
              <![CDATA[Scenario Result: PASSED]]>
            </line>
            <line>
              <![CDATA[User launched login URL]]>
            </line>
            <line>
              <![CDATA[User enters the user name quality@jukinmedia.com]]>
            </line>
            <line>
              <![CDATA[User enters the user name A@123]]>
            </line>
            <line>
              <![CDATA[User clicks on login button]]>
            </line>
            <line>
              <![CDATA[[Assertion Passed]: Incorrect password text is displayed]]>
            </line>
            <line>
              <![CDATA[*************************************]]>
            </line>
            <line>
              <![CDATA[Feature Name> Scenario Name: Verify error message "Incorrect password" is displayed when user enters incorrect password]]>
            </line>
            <line>
              <![CDATA[Scenario Result: PASSED]]>
            </line>
          </reporter-output>
        </test-method> <!-- feature -->
        <test-method status="PASS" signature="closeTestSession()[pri:0, instance:JukinMedia.automation.Runner@7fac631b]" name="closeTestSession" is-config="true" duration-ms="750" started-at="2020-09-30T19:03:16 IST" finished-at="2020-09-30T19:03:16 IST">
          <reporter-output>
            <line>
              <![CDATA[Test over]]>
            </line>
          </reporter-output>
        </test-method> <!-- closeTestSession -->
        <test-method status="PASS" signature="tearDownClass()[pri:0, instance:JukinMedia.automation.Runner@7fac631b]" name="tearDownClass" is-config="true" duration-ms="57" started-at="2020-09-30T19:03:16 IST" finished-at="2020-09-30T19:03:16 IST">
          <reporter-output>
          </reporter-output>
        </test-method> <!-- tearDownClass -->
      </class> <!-- JukinMedia.automation.Runner -->
    </test> <!-- Surefire test -->
  </suite> <!-- Surefire suite -->
</testng-results>
