<?xml version="1.0" encoding="UTF-8"?>
<testsuite xmlns:xsi="http://www.w3.org/2001/XMLSchema-instance" xsi:noNamespaceSchemaLocation="https://maven.apache.org/surefire/maven-surefire-plugin/xsd/surefire-test-report.xsd" name="JukinMedia.automation.Runner" time="24.481" tests="2" errors="0" skipped="0" failures="2">
  <properties>
[...]
</properties>
  <testcase name="feature" classname="JukinMedia.automation.Runner" time="5.839">
    <failure message="java.lang.AssertionError: [Assertion Failed]: Cursor is not enabled expected [true] but found [false]" type="cucumber.runtime.CucumberException">cucumber.runtime.CucumberException: java.lang.AssertionError: [Assertion Failed]: Cursor is not enabled expected [true] but found [false]
Caused by: java.lang.AssertionError: [Assertion Failed]: Cursor is not enabled expected [true] but found [false]
</failure>
    <system-out><![CDATA[Setup
Driver called
Feature: Login Page
******************************************************************
Test Started For Scenario: Verify elements of login forms are displayed
******************************************************************

User launched login URL
[Assertion Passed]: Login form heading "Fill fields below to log in." is displayed
[Assertion Passed]: Username field is displayed
[Assertion Passed]: Password field is displayed
[Assertion Passed]: Forgot Password link is displayed
[Assertion Passed]: Register link is displayed
[Assertion Passed]: Login Button is displayed
[Assertion Passed]: Login button is disabled
*************************************
Feature Name> Scenario Name: Verify elements of login forms are displayed
Scenario Result: PASSED
******************************************************************
Test Started For Scenario: Verify user is able to login using valid credentials
******************************************************************


  @Login
  Scenario: Verify elements of login forms are displayed                 &amp#27;[90m# LoginPage.feature:5&amp#27;[0m
    &amp#27;[32mGiven &amp#27;[0m&amp#27;[32mUser launches the Login Page&amp#27;[0m                                   &amp#27;[90m# LoginPageStepDef.launchLoginPage()&amp#27;[0m
    &amp#27;[32mThen &amp#27;[0m&amp#27;[32mVerify form heading "&amp#27;[0m&amp#27;[32m&amp#27;[1mFill fields below to log in.&amp#27;[0m&amp#27;[32m" is displayed&amp#27;[0m &amp#27;[90m# LoginPageStepDef.verifyHeading(String)&amp#27;[0m
    &amp#27;[32mThen &amp#27;[0m&amp#27;[32mVerify Username text field is displayed&amp#27;[0m                         &amp#27;[90m# LoginPageStepDef.verifyUserNameField()&amp#27;[0m
    &amp#27;[32mThen &amp#27;[0m&amp#27;[32mVerify Password text field is displayed&amp#27;[0m                         &amp#27;[90m# LoginPageStepDef.verifyPasswordTextField()&amp#27;[0m
    &amp#27;[32mThen &amp#27;[0m&amp#27;[32mVerify Forgot Password link is displayed&amp#27;[0m                        &amp#27;[90m# LoginPageStepDef.verifyForgotPasswordLinkIsDisplayed()&amp#27;[0m
    &amp#27;[32mThen &amp#27;[0m&amp#27;[32mVerify Register link is displayed&amp#27;[0m                               &amp#27;[90m# LoginPageStepDef.verifyRegisterLinkIsDisplayed()&amp#27;[0m
    &amp#27;[32mThen &amp#27;[0m&amp#27;[32mVerify login button is displayed&amp#27;[0m                                &amp#27;[90m# LoginPageStepDef.verifyloginButtonIsDisplayed()&amp#27;[0m
    &amp#27;[32mThen &amp#27;[0m&amp#27;[32mVerify login button is disabled&amp#27;[0m                                 &amp#27;[90m# LoginPageStepDef.verifyLoginButtonIsDisabled()&amp#27;[0m
User launched login URL
User enters valid username and password
User clicks on login button
[Assertion Passed]: User is able to login successfully
*************************************
Feature Name> Scenario Name: Verify user is able to login using valid credentials
Scenario Result: PASSED
******************************************************************
Test Started For Scenario: Verify user is not able to login using invalid credentials
******************************************************************


  @Login
  Scenario: Verify user is able to login using valid credentials &amp#27;[90m# LoginPage.feature:17&amp#27;[0m
    &amp#27;[32mGiven &amp#27;[0m&amp#27;[32mUser launches the Login Page&amp#27;[0m                           &amp#27;[90m# LoginPageStepDef.launchLoginPage()&amp#27;[0m
    &amp#27;[32mGiven &amp#27;[0m&amp#27;[32mUser enters valid username and password&amp#27;[0m                &amp#27;[90m# LoginPageStepDef.enterValidUsernameAndPassword()&amp#27;[0m
    &amp#27;[32mAnd &amp#27;[0m&amp#27;[32mUser clicks on login Button&amp#27;[0m                              &amp#27;[90m# LoginPageStepDef.userClicksOnLoginButton()&amp#27;[0m
    &amp#27;[32mThen &amp#27;[0m&amp#27;[32mVerify that user is able to login successfully&amp#27;[0m          &amp#27;[90m# LoginPageStepDef.verifyUserIsOnSuccessPage()&amp#27;[0m
User launched login URL
User enters the user name abc@test.com
User enters the user name A@123
User clicks on login button
[Assertion Passed]: User is able to see Incorrect email/password combination text
User is not able to login
*************************************
Feature Name> Scenario Name: Verify user is not able to login using invalid credentials
Scenario Result: PASSED
******************************************************************
Test Started For Scenario: Verify login button should get enabled when user has filled username and password fields
******************************************************************


  @Login
  Scenario: Verify user is not able to login using invalid credentials &amp#27;[90m# LoginPage.feature:25&amp#27;[0m
    &amp#27;[32mGiven &amp#27;[0m&amp#27;[32mUser launches the Login Page&amp#27;[0m                                 &amp#27;[90m# LoginPageStepDef.launchLoginPage()&amp#27;[0m
    &amp#27;[32mWhen &amp#27;[0m&amp#27;[32mUser enter user name "&amp#27;[0m&amp#27;[32m&amp#27;[1mabc@test.com&amp#27;[0m&amp#27;[32m"&amp#27;[0m                           &amp#27;[90m# LoginPageStepDef.enterUserName(String)&amp#27;[0m
    &amp#27;[32mWhen &amp#27;[0m&amp#27;[32mUser enter password "&amp#27;[0m&amp#27;[32m&amp#27;[1mA@123&amp#27;[0m&amp#27;[32m"&amp#27;[0m                                   &amp#27;[90m# LoginPageStepDef.enterPassword(String)&amp#27;[0m
    &amp#27;[32mAnd &amp#27;[0m&amp#27;[32mUser clicks on login Button&amp#27;[0m                                    &amp#27;[90m# LoginPageStepDef.userClicksOnLoginButton()&amp#27;[0m
    &amp#27;[32mThen &amp#27;[0m&amp#27;[32mVerify user is not able to login using invalid credentials&amp#27;[0m    &amp#27;[90m# LoginPageStepDef.verifyUserIsNotAbleToLoginUsingInvalidCredentials()&amp#27;[0m
User launched login URL
User enters the user name abc@test.com
User enters the user name A@123
[Assertion Passed]: Login Button is enabled
*************************************
Feature Name> Scenario Name: Verify login button should get enabled when user has filled username and password fields
Scenario Result: PASSED
******************************************************************
Test Started For Scenario: Verify mouse cursor should be enabled when user hovers over login button after filling username and password fields
******************************************************************


  @Login
  Scenario: Verify login button should get enabled when user has filled username and password fields &amp#27;[90m# LoginPage.feature:34&amp#27;[0m
    &amp#27;[32mGiven &amp#27;[0m&amp#27;[32mUser launches the Login Page&amp#27;[0m                                                               &amp#27;[90m# LoginPageStepDef.launchLoginPage()&amp#27;[0m
    &amp#27;[32mWhen &amp#27;[0m&amp#27;[32mUser enter user name "&amp#27;[0m&amp#27;[32m&amp#27;[1mabc@test.com&amp#27;[0m&amp#27;[32m"&amp#27;[0m                                                         &amp#27;[90m# LoginPageStepDef.enterUserName(String)&amp#27;[0m
    &amp#27;[32mWhen &amp#27;[0m&amp#27;[32mUser enter password "&amp#27;[0m&amp#27;[32m&amp#27;[1mA@123&amp#27;[0m&amp#27;[32m"&amp#27;[0m                                                                 &amp#27;[90m# LoginPageStepDef.enterPassword(String)&amp#27;[0m
    &amp#27;[32mThen &amp#27;[0m&amp#27;[32mVerify login button is enabled&amp#27;[0m                                                              &amp#27;[90m# LoginPageStepDef.verifyLoginButtonIsEnabled()&amp#27;[0m
User launched login URL
User enters the user name abc@test.com
User enters the user name A@123
User hover over login Button
Found cursor style: not-allowed
*************************************
Feature Name> Scenario Name: Verify mouse cursor should be enabled when user hovers over login button after filling username and password fields
Scenario Result: FAILED

  @Login
  Scenario: Verify mouse cursor should be enabled when user hovers over login button after filling username and password fields &amp#27;[90m# LoginPage.feature:41&amp#27;[0m
    &amp#27;[32mGiven &amp#27;[0m&amp#27;[32mUser launches the Login Page&amp#27;[0m                                                                                          &amp#27;[90m# LoginPageStepDef.launchLoginPage()&amp#27;[0m
    &amp#27;[32mWhen &amp#27;[0m&amp#27;[32mUser enter user name "&amp#27;[0m&amp#27;[32m&amp#27;[1mabc@test.com&amp#27;[0m&amp#27;[32m"&amp#27;[0m                                                                                    &amp#27;[90m# LoginPageStepDef.enterUserName(String)&amp#27;[0m
    &amp#27;[32mWhen &amp#27;[0m&amp#27;[32mUser enter password "&amp#27;[0m&amp#27;[32m&amp#27;[1mA@123&amp#27;[0m&amp#27;[32m"&amp#27;[0m                                                                                            &amp#27;[90m# LoginPageStepDef.enterPassword(String)&amp#27;[0m
    &amp#27;[31mThen &amp#27;[0m&amp#27;[31mVerify cursor should be enabled when user hover over the login button&amp#27;[0m                                                  &amp#27;[90m# LoginPageStepDef.verifyCursorIsEnabledWhenUserHoverOverLoginButton()&amp#27;[0m
      &amp#27;[31mjava.lang.AssertionError: [Assertion Failed]: Cursor is not enabled expected [true] but found [false]
      	at org.testng.Assert.fail(Assert.java:99)
      	at org.testng.Assert.failNotEquals(Assert.java:1037)
      	at org.testng.Assert.assertTrue(Assert.java:45)
      	at JukinMedia.automation.action.LoginPageAction.verifyCursorIsEnabledWhenUserHoverOverLoginButton(LoginPageAction.java:147)
      	at JukinMedia.automation.stepdefs.LoginPageStepDef.verifyCursorIsEnabledWhenUserHoverOverLoginButton(LoginPageStepDef.java:108)
      	at ?.Then Verify cursor should be enabled when user hover over the login button(LoginPage.feature:45)
      &amp#27;[0m
]]></system-out>
    <system-err><![CDATA[Starting ChromeDriver 85.0.4183.87 (cd6713ebf92fa1cacc0f1a598df280093af0c5d7-refs/branch-heads/4183@{#1689}) on port 37632
Only local connections are allowed.
Please see https://chromedriver.chromium.org/security-considerations for suggestions on keeping ChromeDriver safe.
ChromeDriver was started successfully.
Sep 29, 2020 4:23:59 AM org.openqa.selenium.remote.ProtocolHandshake createSession
INFO: Detected dialect: W3C
]]></system-err>
  </testcase>
  <testcase name="feature" classname="JukinMedia.automation.Runner" time="9.379">
    <failure message="java.lang.AssertionError: [Assrtion Failed]: Tool tip is displayed expected [false] but found [true]" type="cucumber.runtime.CucumberException">cucumber.runtime.CucumberException: java.lang.AssertionError: [Assrtion Failed]: Tool tip is displayed expected [false] but found [true]
Caused by: java.lang.AssertionError: [Assrtion Failed]: Tool tip is displayed expected [false] but found [true]
</failure>
    <system-out><![CDATA[Feature: Register Page
******************************************************************
Test Started For Scenario: Verify on clicking register link user is directed to register page
******************************************************************

User launched login URL
User clicks on Register link
*************************************
Feature Name> Scenario Name: Verify on clicking register link user is directed to register page
Scenario Result: PASSED
******************************************************************
Test Started For Scenario: Verify register page form elements
******************************************************************


  @RegisterPage
  Scenario: Verify on clicking register link user is directed to register page &amp#27;[90m# RegisterPage.feature:4&amp#27;[0m
    &amp#27;[32mGiven &amp#27;[0m&amp#27;[32mUser launches the Login Page&amp#27;[0m                                         &amp#27;[90m# LoginPageStepDef.launchLoginPage()&amp#27;[0m
    &amp#27;[32mWhen &amp#27;[0m&amp#27;[32mUser clicks on Register link&amp#27;[0m                                          &amp#27;[90m# LoginPageStepDef.userClicksOnRegisterLink()&amp#27;[0m
    &amp#27;[32mThen &amp#27;[0m&amp#27;[32mVerify user lands on Registration page&amp#27;[0m                                &amp#27;[90m# LoginPageStepDef.verifyUserLandsOnRegisterPage()&amp#27;[0m
[Assertion Passed]: Login form heading "Fill out the form to create your account." is displayed
[Assertion Passed]: Email field is displayed
[Assertion Passed]: Password field is displayed
[Assertion Passed]: Confirm Password field is displayed
[Assertion Passed]: Submit Button is displayed
[Assertion Passed]: Back to login Button is displayed
*************************************
Feature Name> Scenario Name: Verify register page form elements
Scenario Result: PASSED
******************************************************************
Test Started For Scenario: Verify user is able to successfully register on entering valid email and password
******************************************************************


  @RegisterPage
  Scenario: Verify register page form elements                                        &amp#27;[90m# RegisterPage.feature:10&amp#27;[0m
    &amp#27;[32mThen &amp#27;[0m&amp#27;[32mVerify form heading "&amp#27;[0m&amp#27;[32m&amp#27;[1mFill out the form to create your account.&amp#27;[0m&amp#27;[32m" is displayed&amp#27;[0m &amp#27;[90m# LoginPageStepDef.verifyHeading(String)&amp#27;[0m
    &amp#27;[32mThen &amp#27;[0m&amp#27;[32mVerify email field is displayed on register page&amp#27;[0m                             &amp#27;[90m# RegisterPageStepDef.verifyEmailFieldIsDisplayed()&amp#27;[0m
    &amp#27;[32mThen &amp#27;[0m&amp#27;[32mVerify password field is displayed on register page&amp#27;[0m                          &amp#27;[90m# RegisterPageStepDef.verifyPasswordFieldIsDisplayed()&amp#27;[0m
    &amp#27;[32mThen &amp#27;[0m&amp#27;[32mVerify confirm password field is displayed on register page&amp#27;[0m                  &amp#27;[90m# RegisterPageStepDef.verifyConfirmPasswordFieldIsDisplayed()&amp#27;[0m
    &amp#27;[32mThen &amp#27;[0m&amp#27;[32mVerify submit button is displayed on register page&amp#27;[0m                           &amp#27;[90m# RegisterPageStepDef.verifySubmitButtonIsDisplayed()&amp#27;[0m
    &amp#27;[32mThen &amp#27;[0m&amp#27;[32mVerify Back to Login button is displayed on register page&amp#27;[0m                    &amp#27;[90m# RegisterPageStepDef.verifyBackToLoginButtonIsDisplayed()&amp#27;[0m
User enters the email abc@test.com
User enters the password A@123
User enters the confirmation password A@123
User clicks on submit button
Registration successful page is displayed
*************************************
Feature Name> Scenario Name: Verify user is able to successfully register on entering valid email and password
Scenario Result: PASSED
******************************************************************
Test Started For Scenario: Verify user is redirected to Exception page if user clicks on submit button leaving every field blank
******************************************************************


  @RegisterPage
  Scenario: Verify user is able to successfully register on entering valid email and password &amp#27;[90m# RegisterPage.feature:19&amp#27;[0m
    &amp#27;[32mWhen &amp#27;[0m&amp#27;[32mOn register page user enters email "&amp#27;[0m&amp#27;[32m&amp#27;[1mabc@test.com&amp#27;[0m&amp#27;[32m"&amp#27;[0m                                    &amp#27;[90m# RegisterPageStepDef.enterEmail(String)&amp#27;[0m
    &amp#27;[32mWhen &amp#27;[0m&amp#27;[32mOn register page user enters password "&amp#27;[0m&amp#27;[32m&amp#27;[1mA@123&amp#27;[0m&amp#27;[32m"&amp#27;[0m                                        &amp#27;[90m# RegisterPageStepDef.enterPassword(String)&amp#27;[0m
    &amp#27;[32mAnd &amp#27;[0m&amp#27;[32mOn register page user enters confirmation password "&amp#27;[0m&amp#27;[32m&amp#27;[1mA@123&amp#27;[0m&amp#27;[32m"&amp#27;[0m                            &amp#27;[90m# RegisterPageStepDef.enterConfirmationPassword(String)&amp#27;[0m
    &amp#27;[32mAnd &amp#27;[0m&amp#27;[32mUser clicks on submit button of register page&amp#27;[0m                                         &amp#27;[90m# RegisterPageStepDef.clickOnSubmitButton()&amp#27;[0m
    &amp#27;[32mThen &amp#27;[0m&amp#27;[32mVerify Registration successful page is displayed&amp#27;[0m                                     &amp#27;[90m# RegisterPageStepDef.verifyRegistationSuccessfulPageIsDisplayed()&amp#27;[0m
User launched login URL
User clicks on Register link
User clicks on submit button
Exception page is displayed
*************************************
Feature Name> Scenario Name: Verify user is redirected to Exception page if user clicks on submit button leaving every field blank
Scenario Result: PASSED
******************************************************************
Test Started For Scenario: Verify is user enters invalid email a fail message is displayed
******************************************************************


  @RegisterPage
  Scenario: Verify user is redirected to Exception page if user clicks on submit button leaving every field blank &amp#27;[90m# RegisterPage.feature:27&amp#27;[0m
    &amp#27;[32mGiven &amp#27;[0m&amp#27;[32mUser launches the Login Page&amp#27;[0m                                                                            &amp#27;[90m# LoginPageStepDef.launchLoginPage()&amp#27;[0m
    &amp#27;[32mWhen &amp#27;[0m&amp#27;[32mUser clicks on Register link&amp#27;[0m                                                                             &amp#27;[90m# LoginPageStepDef.userClicksOnRegisterLink()&amp#27;[0m
    &amp#27;[32mAnd &amp#27;[0m&amp#27;[32mUser clicks on submit button of register page&amp#27;[0m                                                             &amp#27;[90m# RegisterPageStepDef.clickOnSubmitButton()&amp#27;[0m
    &amp#27;[32mThen &amp#27;[0m&amp#27;[32mVerify exception page is displayed&amp#27;[0m                                                                       &amp#27;[90m# RegisterPageStepDef.verifyExceptionPageIsLaunched()&amp#27;[0m
User launched login URL
User clicks on Register link
User enters the email abc.com
User enters the password A@123
User enters the confirmation password A@123
User clicks on submit button
[Assertion Passed]: Fail Message is displayed: Please enter a valid Email.
*************************************
Feature Name> Scenario Name: Verify is user enters invalid email a fail message is displayed
Scenario Result: PASSED
******************************************************************
Test Started For Scenario: Verify on password and confirm password field mismatch fail message is displayed
******************************************************************


  @RegisterPage
  Scenario: Verify is user enters invalid email a fail message is displayed &amp#27;[90m# RegisterPage.feature:34&amp#27;[0m
    &amp#27;[32mGiven &amp#27;[0m&amp#27;[32mUser launches the Login Page&amp#27;[0m                                      &amp#27;[90m# LoginPageStepDef.launchLoginPage()&amp#27;[0m
    &amp#27;[32mWhen &amp#27;[0m&amp#27;[32mUser clicks on Register link&amp#27;[0m                                       &amp#27;[90m# LoginPageStepDef.userClicksOnRegisterLink()&amp#27;[0m
    &amp#27;[32mWhen &amp#27;[0m&amp#27;[32mOn register page user enters email "&amp#27;[0m&amp#27;[32m&amp#27;[1mabc.com&amp#27;[0m&amp#27;[32m"&amp#27;[0m                       &amp#27;[90m# RegisterPageStepDef.enterEmail(String)&amp#27;[0m
    &amp#27;[32mWhen &amp#27;[0m&amp#27;[32mOn register page user enters password "&amp#27;[0m&amp#27;[32m&amp#27;[1mA@123&amp#27;[0m&amp#27;[32m"&amp#27;[0m                      &amp#27;[90m# RegisterPageStepDef.enterPassword(String)&amp#27;[0m
    &amp#27;[32mAnd &amp#27;[0m&amp#27;[32mOn register page user enters confirmation password "&amp#27;[0m&amp#27;[32m&amp#27;[1mA@123&amp#27;[0m&amp#27;[32m"&amp#27;[0m          &amp#27;[90m# RegisterPageStepDef.enterConfirmationPassword(String)&amp#27;[0m
    &amp#27;[32mAnd &amp#27;[0m&amp#27;[32mUser clicks on submit button of register page&amp#27;[0m                       &amp#27;[90m# RegisterPageStepDef.clickOnSubmitButton()&amp#27;[0m
    &amp#27;[32mThen &amp#27;[0m&amp#27;[32mVerify fail message "&amp#27;[0m&amp#27;[32m&amp#27;[1mPlease enter a valid Email.&amp#27;[0m&amp#27;[32m" is displayed&amp#27;[0m     &amp#27;[90m# RegisterPageStepDef.verifyFailMessageIsDisplayed(String)&amp#27;[0m
User launched login URL
User clicks on Register link
User enters the email abc@test.com
User enters the password A@123a
User enters the confirmation password A@123
User clicks on submit button
[Assertion Passed]: Fail Message is displayed: Password confirmation must must match Password
*************************************
Feature Name> Scenario Name: Verify on password and confirm password field mismatch fail message is displayed
Scenario Result: PASSED
******************************************************************
Test Started For Scenario: Verify on hovering over tool tip image tool tip text is displayed
******************************************************************


  @RegisterPage
  Scenario: Verify on password and confirm password field mismatch fail message is displayed &amp#27;[90m# RegisterPage.feature:44&amp#27;[0m
    &amp#27;[32mGiven &amp#27;[0m&amp#27;[32mUser launches the Login Page&amp#27;[0m                                                       &amp#27;[90m# LoginPageStepDef.launchLoginPage()&amp#27;[0m
    &amp#27;[32mWhen &amp#27;[0m&amp#27;[32mUser clicks on Register link&amp#27;[0m                                                        &amp#27;[90m# LoginPageStepDef.userClicksOnRegisterLink()&amp#27;[0m
    &amp#27;[32mWhen &amp#27;[0m&amp#27;[32mOn register page user enters email "&amp#27;[0m&amp#27;[32m&amp#27;[1mabc@test.com&amp#27;[0m&amp#27;[32m"&amp#27;[0m                                   &amp#27;[90m# RegisterPageStepDef.enterEmail(String)&amp#27;[0m
    &amp#27;[32mWhen &amp#27;[0m&amp#27;[32mOn register page user enters password "&amp#27;[0m&amp#27;[32m&amp#27;[1mA@123a&amp#27;[0m&amp#27;[32m"&amp#27;[0m                                      &amp#27;[90m# RegisterPageStepDef.enterPassword(String)&amp#27;[0m
    &amp#27;[32mAnd &amp#27;[0m&amp#27;[32mOn register page user enters confirmation password "&amp#27;[0m&amp#27;[32m&amp#27;[1mA@123&amp#27;[0m&amp#27;[32m"&amp#27;[0m                           &amp#27;[90m# RegisterPageStepDef.enterConfirmationPassword(String)&amp#27;[0m
    &amp#27;[32mAnd &amp#27;[0m&amp#27;[32mUser clicks on submit button of register page&amp#27;[0m                                        &amp#27;[90m# RegisterPageStepDef.clickOnSubmitButton()&amp#27;[0m
    &amp#27;[32mThen &amp#27;[0m&amp#27;[32mVerify fail message "&amp#27;[0m&amp#27;[32m&amp#27;[1mPassword confirmation must must match Password&amp#27;[0m&amp#27;[32m" is displayed&amp#27;[0m   &amp#27;[90m# RegisterPageStepDef.verifyFailMessageIsDisplayed(String)&amp#27;[0m
[Assrtion Passed]: Tool tip is displayed on hovering too tip image
*************************************
Feature Name> Scenario Name: Verify on hovering over tool tip image tool tip text is displayed
Scenario Result: PASSED
******************************************************************
Test Started For Scenario: Verify tool tip disappers when user stops hovering over tool tip image
******************************************************************


  @RegisterPage
  Scenario: Verify on hovering over tool tip image tool tip text is displayed &amp#27;[90m# RegisterPage.feature:54&amp#27;[0m
    &amp#27;[32mThen &amp#27;[0m&amp#27;[32mVerify on hovering over tool tip image tool tip text is displayed&amp#27;[0m    &amp#27;[90m# RegisterPageStepDef.verifyOnHoveringOverToolTipImageToolTipTextIsDisplayed()&amp#27;[0m
*************************************
Feature Name> Scenario Name: Verify tool tip disappers when user stops hovering over tool tip image
Scenario Result: FAILED

  @RegisterPage
  Scenario: Verify tool tip disappers when user stops hovering over tool tip image &amp#27;[90m# RegisterPage.feature:58&amp#27;[0m
    &amp#27;[31mThen &amp#27;[0m&amp#27;[31mVerify tool tip disappers when user stops hovering over tool tip image&amp#27;[0m    &amp#27;[90m# RegisterPageStepDef.verifyToolTipDisappears()&amp#27;[0m
      &amp#27;[31mjava.lang.AssertionError: [Assrtion Failed]: Tool tip is displayed expected [false] but found [true]
      	at org.testng.Assert.fail(Assert.java:99)
      	at org.testng.Assert.failNotEquals(Assert.java:1037)
      	at org.testng.Assert.assertFalse(Assert.java:67)
      	at JukinMedia.automation.action.RegisterPageAction.verifyToolTipDisappears(RegisterPageAction.java:110)
      	at JukinMedia.automation.stepdefs.RegisterPageStepDef.verifyToolTipDisappears(RegisterPageStepDef.java:67)
      	at ?.Then Verify tool tip disappers when user stops hovering over tool tip image(RegisterPage.feature:59)
      &amp#27;[0m
]]></system-out>
  </testcase>
</testsuite>