<?xml version="1.0" encoding="UTF-8"?>
<testng-results skipped="0" failed="2" ignored="0" total="2" passed="0">
  <reporter-output>
    <line>
      <![CDATA[User launched login URL]]>
    </line>
    <line>
      <![CDATA[[Assertion Passed]: Login form heading "Fill fields below to log in." is displayed]]>
    </line>
    <line>
      <![CDATA[[Assertion Passed]: Username field is displayed]]>
    </line>
    <line>
      <![CDATA[[Assertion Passed]: Password field is displayed]]>
    </line>
    <line>
      <![CDATA[[Assertion Passed]: Forgot Password link is displayed]]>
    </line>
    <line>
      <![CDATA[[Assertion Passed]: Register link is displayed]]>
    </line>
    <line>
      <![CDATA[[Assertion Passed]: Login Button is displayed]]>
    </line>
    <line>
      <![CDATA[[Assertion Passed]: Login button is disabled]]>
    </line>
    <line>
      <![CDATA[*************************************]]>
    </line>
    <line>
      <![CDATA[Feature Name> Scenario Name: Verify elements of login forms are displayed]]>
    </line>
    <line>
      <![CDATA[Scenario Result: PASSED]]>
    </line>
    <line>
      <![CDATA[User launched login URL]]>
    </line>
    <line>
      <![CDATA[User enters valid username and password]]>
    </line>
    <line>
      <![CDATA[User clicks on login button]]>
    </line>
    <line>
      <![CDATA[[Assertion Passed]: User is able to login successfully]]>
    </line>
    <line>
      <![CDATA[*************************************]]>
    </line>
    <line>
      <![CDATA[Feature Name> Scenario Name: Verify user is able to login using valid credentials]]>
    </line>
    <line>
      <![CDATA[Scenario Result: PASSED]]>
    </line>
    <line>
      <![CDATA[User launched login URL]]>
    </line>
    <line>
      <![CDATA[User enters the user name abc@test.com]]>
    </line>
    <line>
      <![CDATA[User enters the user name A@123]]>
    </line>
    <line>
      <![CDATA[User clicks on login button]]>
    </line>
    <line>
      <![CDATA[[Assertion Passed]: User is able to see Incorrect email/password combination text]]>
    </line>
    <line>
      <![CDATA[User is not able to login]]>
    </line>
    <line>
      <![CDATA[*************************************]]>
    </line>
    <line>
      <![CDATA[Feature Name> Scenario Name: Verify user is not able to login using invalid credentials]]>
    </line>
    <line>
      <![CDATA[Scenario Result: PASSED]]>
    </line>
    <line>
      <![CDATA[User launched login URL]]>
    </line>
    <line>
      <![CDATA[User enters the user name abc@test.com]]>
    </line>
    <line>
      <![CDATA[User enters the user name A@123]]>
    </line>
    <line>
      <![CDATA[[Assertion Passed]: Login Button is enabled]]>
    </line>
    <line>
      <![CDATA[*************************************]]>
    </line>
    <line>
      <![CDATA[Feature Name> Scenario Name: Verify login button should get enabled when user has filled username and password fields]]>
    </line>
    <line>
      <![CDATA[Scenario Result: PASSED]]>
    </line>
    <line>
      <![CDATA[User launched login URL]]>
    </line>
    <line>
      <![CDATA[User enters the user name abc@test.com]]>
    </line>
    <line>
      <![CDATA[User enters the user name A@123]]>
    </line>
    <line>
      <![CDATA[User hover over login Button]]>
    </line>
    <line>
      <![CDATA[Found cursor style: not-allowed]]>
    </line>
    <line>
      <![CDATA[*************************************]]>
    </line>
    <line>
      <![CDATA[Feature Name> Scenario Name: Verify mouse cursor should be enabled when user hovers over login button after filling username and password fields]]>
    </line>
    <line>
      <![CDATA[Scenario Result: FAILED]]>
    </line>
    <line>
      <![CDATA[User launched login URL]]>
    </line>
    <line>
      <![CDATA[User clicks on Register link]]>
    </line>
    <line>
      <![CDATA[[Assertion Passed]: User is directed to Registration page]]>
    </line>
    <line>
      <![CDATA[*************************************]]>
    </line>
    <line>
      <![CDATA[Feature Name> Scenario Name: Verify on clicking register link user is directed to register page]]>
    </line>
    <line>
      <![CDATA[Scenario Result: PASSED]]>
    </line>
    <line>
      <![CDATA[[Assertion Passed]: Login form heading "Fill out the form to create your account." is displayed]]>
    </line>
    <line>
      <![CDATA[[Assertion Passed]: Email field is displayed]]>
    </line>
    <line>
      <![CDATA[[Assertion Passed]: Password field is displayed]]>
    </line>
    <line>
      <![CDATA[[Assertion Passed]: Confirm Password field is displayed]]>
    </line>
    <line>
      <![CDATA[[Assertion Passed]: Submit Button is displayed]]>
    </line>
    <line>
      <![CDATA[[Assertion Passed]: Back to login Button is displayed]]>
    </line>
    <line>
      <![CDATA[*************************************]]>
    </line>
    <line>
      <![CDATA[Feature Name> Scenario Name: Verify register page form elements]]>
    </line>
    <line>
      <![CDATA[Scenario Result: PASSED]]>
    </line>
    <line>
      <![CDATA[User enters the email abc@test.com]]>
    </line>
    <line>
      <![CDATA[User enters the password A@123]]>
    </line>
    <line>
      <![CDATA[User enters the confirmation password A@123]]>
    </line>
    <line>
      <![CDATA[User clicks on submit button]]>
    </line>
    <line>
      <![CDATA[Registration successful page is displayed]]>
    </line>
    <line>
      <![CDATA[*************************************]]>
    </line>
    <line>
      <![CDATA[Feature Name> Scenario Name: Verify user is able to successfully register on entering valid email and password]]>
    </line>
    <line>
      <![CDATA[Scenario Result: PASSED]]>
    </line>
    <line>
      <![CDATA[User launched login URL]]>
    </line>
    <line>
      <![CDATA[User clicks on Register link]]>
    </line>
    <line>
      <![CDATA[User clicks on submit button]]>
    </line>
    <line>
      <![CDATA[Exception page is displayed]]>
    </line>
    <line>
      <![CDATA[*************************************]]>
    </line>
    <line>
      <![CDATA[Feature Name> Scenario Name: Verify user is redirected to Exception page if user clicks on submit button leaving every field blank]]>
    </line>
    <line>
      <![CDATA[Scenario Result: PASSED]]>
    </line>
    <line>
      <![CDATA[User launched login URL]]>
    </line>
    <line>
      <![CDATA[User clicks on Register link]]>
    </line>
    <line>
      <![CDATA[User enters the email abc.com]]>
    </line>
    <line>
      <![CDATA[User enters the password A@123]]>
    </line>
    <line>
      <![CDATA[User enters the confirmation password A@123]]>
    </line>
    <line>
      <![CDATA[User clicks on submit button]]>
    </line>
    <line>
      <![CDATA[[Assertion Passed]: Fail Message is displayed: Please enter a valid Email.]]>
    </line>
    <line>
      <![CDATA[*************************************]]>
    </line>
    <line>
      <![CDATA[Feature Name> Scenario Name: Verify is user enters invalid email a fail message is displayed]]>
    </line>
    <line>
      <![CDATA[Scenario Result: PASSED]]>
    </line>
    <line>
      <![CDATA[User launched login URL]]>
    </line>
    <line>
      <![CDATA[User clicks on Register link]]>
    </line>
    <line>
      <![CDATA[User enters the email abc@test.com]]>
    </line>
    <line>
      <![CDATA[User enters the password A@123a]]>
    </line>
    <line>
      <![CDATA[User enters the confirmation password A@123]]>
    </line>
    <line>
      <![CDATA[User clicks on submit button]]>
    </line>
    <line>
      <![CDATA[[Assertion Passed]: Fail Message is displayed: Password confirmation must must match Password]]>
    </line>
    <line>
      <![CDATA[*************************************]]>
    </line>
    <line>
      <![CDATA[Feature Name> Scenario Name: Verify on password and confirm password field mismatch fail message is displayed]]>
    </line>
    <line>
      <![CDATA[Scenario Result: PASSED]]>
    </line>
    <line>
      <![CDATA[User hover over tool tip image]]>
    </line>
    <line>
      <![CDATA[[Assrtion Passed]: Tool tip is displayed on hovering too tip image]]>
    </line>
    <line>
      <![CDATA[*************************************]]>
    </line>
    <line>
      <![CDATA[Feature Name> Scenario Name: Verify on hovering over tool tip image tool tip text is displayed]]>
    </line>
    <line>
      <![CDATA[Scenario Result: PASSED]]>
    </line>
    <line>
      <![CDATA[User hover over email text field]]>
    </line>
    <line>
      <![CDATA[*************************************]]>
    </line>
    <line>
      <![CDATA[Feature Name> Scenario Name: Verify tool tip disappers when user stops hovering over tool tip image]]>
    </line>
    <line>
      <![CDATA[Scenario Result: FAILED]]>
    </line>
    <line>
      <![CDATA[Test over]]>
    </line>
  </reporter-output>
  <suite name="Surefire suite" duration-ms="23026" started-at="2020-09-29T04:23:53 IST" finished-at="2020-09-29T04:24:16 IST">
    <groups>
      <group name="cucumber">
        <method signature="AbstractTestNGCucumberTests.feature(cucumber.api.testng.CucumberFeatureWrapper)[pri:0, instance:JukinMedia.automation.Runner@7fac631b]" name="feature" class="cucumber.api.testng.AbstractTestNGCucumberTests"/>
      </group> <!-- cucumber -->
    </groups>
    <test name="Surefire test" duration-ms="23026" started-at="2020-09-29T04:23:53 IST" finished-at="2020-09-29T04:24:16 IST">
      <class name="JukinMedia.automation.Runner">
        <test-method status="PASS" signature="setUpClass()[pri:0, instance:JukinMedia.automation.Runner@7fac631b]" name="setUpClass" is-config="true" duration-ms="440" started-at="2020-09-29T04:23:53 IST" finished-at="2020-09-29T04:23:54 IST">
          <reporter-output>
          </reporter-output>
        </test-method> <!-- setUpClass -->
        <test-method status="PASS" signature="setup()[pri:0, instance:JukinMedia.automation.Runner@7fac631b]" name="setup" is-config="true" duration-ms="6345" started-at="2020-09-29T04:23:54 IST" finished-at="2020-09-29T04:24:00 IST">
          <reporter-output>
          </reporter-output>
        </test-method> <!-- setup -->
        <test-method status="FAIL" signature="feature(cucumber.api.testng.CucumberFeatureWrapper)[pri:0, instance:JukinMedia.automation.Runner@7fac631b]" name="feature" duration-ms="5398" started-at="2020-09-29T04:24:00 IST" description="Runs Cucumber Feature" data-provider="features" finished-at="2020-09-29T04:24:06 IST">
          <params>
            <param index="0">
              <value>
                <![CDATA[Login Page]]>
              </value>
            </param>
          </params>
          <exception class="cucumber.runtime.CucumberException">
            <message>
              <![CDATA[java.lang.AssertionError: [Assertion Failed]: Cursor is not enabled expected [true] but found [false]]]>
            </message>
            <full-stacktrace>
              <![CDATA[cucumber.runtime.CucumberException: java.lang.AssertionError: [Assertion Failed]: Cursor is not enabled expected [true] but found [false]
at cucumber.api.testng.TestNGCucumberRunner.runCucumber(TestNGCucumberRunner.java:69)
at cucumber.api.testng.AbstractTestNGCucumberTests.feature(AbstractTestNGCucumberTests.java:21)
at sun.reflect.NativeMethodAccessorImpl.invoke0(Native Method)
at sun.reflect.NativeMethodAccessorImpl.invoke(NativeMethodAccessorImpl.java:62)
at sun.reflect.DelegatingMethodAccessorImpl.invoke(DelegatingMethodAccessorImpl.java:43)
at java.lang.reflect.Method.invoke(Method.java:498)
at org.testng.internal.MethodInvocationHelper.invokeMethod(MethodInvocationHelper.java:132)
at org.testng.internal.TestInvoker.invokeMethod(TestInvoker.java:599)
at org.testng.internal.TestInvoker.invokeTestMethod(TestInvoker.java:174)
at org.testng.internal.MethodRunner.runInSequence(MethodRunner.java:46)
at org.testng.internal.TestInvoker$MethodInvocationAgent.invoke(TestInvoker.java:822)
at org.testng.internal.TestInvoker.invokeTestMethods(TestInvoker.java:147)
at org.testng.internal.TestMethodWorker.invokeTestMethods(TestMethodWorker.java:146)
at org.testng.internal.TestMethodWorker.run(TestMethodWorker.java:128)
at java.util.ArrayList.forEach(ArrayList.java:1257)
at org.testng.TestRunner.privateRun(TestRunner.java:764)
at org.testng.TestRunner.run(TestRunner.java:585)
at org.testng.SuiteRunner.runTest(SuiteRunner.java:384)
at org.testng.SuiteRunner.runSequentially(SuiteRunner.java:378)
at org.testng.SuiteRunner.privateRun(SuiteRunner.java:337)
at org.testng.SuiteRunner.run(SuiteRunner.java:286)
at org.testng.SuiteRunnerWorker.runSuite(SuiteRunnerWorker.java:53)
at org.testng.SuiteRunnerWorker.run(SuiteRunnerWorker.java:96)
at org.testng.TestNG.runSuitesSequentially(TestNG.java:1218)
at org.testng.TestNG.runSuitesLocally(TestNG.java:1140)
at org.testng.TestNG.runSuites(TestNG.java:1069)
at org.testng.TestNG.run(TestNG.java:1037)
at org.apache.maven.surefire.testng.TestNGExecutor.run(TestNGExecutor.java:135)
at org.apache.maven.surefire.testng.TestNGDirectoryTestSuite.executeSingleClass(TestNGDirectoryTestSuite.java:112)
at org.apache.maven.surefire.testng.TestNGDirectoryTestSuite.execute(TestNGDirectoryTestSuite.java:99)
at org.apache.maven.surefire.testng.TestNGProvider.invoke(TestNGProvider.java:146)
at org.apache.maven.surefire.booter.ForkedBooter.invokeProviderInSameClassLoader(ForkedBooter.java:383)
at org.apache.maven.surefire.booter.ForkedBooter.runSuitesInProcess(ForkedBooter.java:344)
at org.apache.maven.surefire.booter.ForkedBooter.execute(ForkedBooter.java:125)
at org.apache.maven.surefire.booter.ForkedBooter.main(ForkedBooter.java:417)
Caused by: java.lang.AssertionError: [Assertion Failed]: Cursor is not enabled expected [true] but found [false]
at org.testng.Assert.fail(Assert.java:99)
at org.testng.Assert.failNotEquals(Assert.java:1037)
at org.testng.Assert.assertTrue(Assert.java:45)
at JukinMedia.automation.action.LoginPageAction.verifyCursorIsEnabledWhenUserHoverOverLoginButton(LoginPageAction.java:147)
at JukinMedia.automation.stepdefs.LoginPageStepDef.verifyCursorIsEnabledWhenUserHoverOverLoginButton(LoginPageStepDef.java:108)
at ✽.Then Verify cursor should be enabled when user hover over the login button(LoginPage.feature:45)
]]>
            </full-stacktrace>
          </exception> <!-- cucumber.runtime.CucumberException -->
          <reporter-output>
            <line>
              <![CDATA[User launched login URL]]>
            </line>
            <line>
              <![CDATA[[Assertion Passed]: Login form heading "Fill fields below to log in." is displayed]]>
            </line>
            <line>
              <![CDATA[[Assertion Passed]: Username field is displayed]]>
            </line>
            <line>
              <![CDATA[[Assertion Passed]: Password field is displayed]]>
            </line>
            <line>
              <![CDATA[[Assertion Passed]: Forgot Password link is displayed]]>
            </line>
            <line>
              <![CDATA[[Assertion Passed]: Register link is displayed]]>
            </line>
            <line>
              <![CDATA[[Assertion Passed]: Login Button is displayed]]>
            </line>
            <line>
              <![CDATA[[Assertion Passed]: Login button is disabled]]>
            </line>
            <line>
              <![CDATA[*************************************]]>
            </line>
            <line>
              <![CDATA[Feature Name> Scenario Name: Verify elements of login forms are displayed]]>
            </line>
            <line>
              <![CDATA[Scenario Result: PASSED]]>
            </line>
            <line>
              <![CDATA[User launched login URL]]>
            </line>
            <line>
              <![CDATA[User enters valid username and password]]>
            </line>
            <line>
              <![CDATA[User clicks on login button]]>
            </line>
            <line>
              <![CDATA[[Assertion Passed]: User is able to login successfully]]>
            </line>
            <line>
              <![CDATA[*************************************]]>
            </line>
            <line>
              <![CDATA[Feature Name> Scenario Name: Verify user is able to login using valid credentials]]>
            </line>
            <line>
              <![CDATA[Scenario Result: PASSED]]>
            </line>
            <line>
              <![CDATA[User launched login URL]]>
            </line>
            <line>
              <![CDATA[User enters the user name abc@test.com]]>
            </line>
            <line>
              <![CDATA[User enters the user name A@123]]>
            </line>
            <line>
              <![CDATA[User clicks on login button]]>
            </line>
            <line>
              <![CDATA[[Assertion Passed]: User is able to see Incorrect email/password combination text]]>
            </line>
            <line>
              <![CDATA[User is not able to login]]>
            </line>
            <line>
              <![CDATA[*************************************]]>
            </line>
            <line>
              <![CDATA[Feature Name> Scenario Name: Verify user is not able to login using invalid credentials]]>
            </line>
            <line>
              <![CDATA[Scenario Result: PASSED]]>
            </line>
            <line>
              <![CDATA[User launched login URL]]>
            </line>
            <line>
              <![CDATA[User enters the user name abc@test.com]]>
            </line>
            <line>
              <![CDATA[User enters the user name A@123]]>
            </line>
            <line>
              <![CDATA[[Assertion Passed]: Login Button is enabled]]>
            </line>
            <line>
              <![CDATA[*************************************]]>
            </line>
            <line>
              <![CDATA[Feature Name> Scenario Name: Verify login button should get enabled when user has filled username and password fields]]>
            </line>
            <line>
              <![CDATA[Scenario Result: PASSED]]>
            </line>
            <line>
              <![CDATA[User launched login URL]]>
            </line>
            <line>
              <![CDATA[User enters the user name abc@test.com]]>
            </line>
            <line>
              <![CDATA[User enters the user name A@123]]>
            </line>
            <line>
              <![CDATA[User hover over login Button]]>
            </line>
            <line>
              <![CDATA[Found cursor style: not-allowed]]>
            </line>
            <line>
              <![CDATA[*************************************]]>
            </line>
            <line>
              <![CDATA[Feature Name> Scenario Name: Verify mouse cursor should be enabled when user hovers over login button after filling username and password fields]]>
            </line>
            <line>
              <![CDATA[Scenario Result: FAILED]]>
            </line>
          </reporter-output>
        </test-method> <!-- feature -->
        <test-method status="FAIL" signature="feature(cucumber.api.testng.CucumberFeatureWrapper)[pri:0, instance:JukinMedia.automation.Runner@7fac631b]" name="feature" duration-ms="9587" started-at="2020-09-29T04:24:06 IST" description="Runs Cucumber Feature" data-provider="features" finished-at="2020-09-29T04:24:15 IST">
          <params>
            <param index="0">
              <value>
                <![CDATA[Register Page]]>
              </value>
            </param>
          </params>
          <exception class="cucumber.runtime.CucumberException">
            <message>
              <![CDATA[java.lang.AssertionError: [Assrtion Failed]: Tool tip is displayed expected [false] but found [true]]]>
            </message>
            <full-stacktrace>
              <![CDATA[cucumber.runtime.CucumberException: java.lang.AssertionError: [Assrtion Failed]: Tool tip is displayed expected [false] but found [true]
at cucumber.api.testng.TestNGCucumberRunner.runCucumber(TestNGCucumberRunner.java:69)
at cucumber.api.testng.AbstractTestNGCucumberTests.feature(AbstractTestNGCucumberTests.java:21)
at sun.reflect.NativeMethodAccessorImpl.invoke0(Native Method)
at sun.reflect.NativeMethodAccessorImpl.invoke(NativeMethodAccessorImpl.java:62)
at sun.reflect.DelegatingMethodAccessorImpl.invoke(DelegatingMethodAccessorImpl.java:43)
at java.lang.reflect.Method.invoke(Method.java:498)
at org.testng.internal.MethodInvocationHelper.invokeMethod(MethodInvocationHelper.java:132)
at org.testng.internal.TestInvoker.invokeMethod(TestInvoker.java:599)
at org.testng.internal.TestInvoker.invokeTestMethod(TestInvoker.java:174)
at org.testng.internal.MethodRunner.runInSequence(MethodRunner.java:46)
at org.testng.internal.TestInvoker$MethodInvocationAgent.invoke(TestInvoker.java:822)
at org.testng.internal.TestInvoker.invokeTestMethods(TestInvoker.java:147)
at org.testng.internal.TestMethodWorker.invokeTestMethods(TestMethodWorker.java:146)
at org.testng.internal.TestMethodWorker.run(TestMethodWorker.java:128)
at java.util.ArrayList.forEach(ArrayList.java:1257)
at org.testng.TestRunner.privateRun(TestRunner.java:764)
at org.testng.TestRunner.run(TestRunner.java:585)
at org.testng.SuiteRunner.runTest(SuiteRunner.java:384)
at org.testng.SuiteRunner.runSequentially(SuiteRunner.java:378)
at org.testng.SuiteRunner.privateRun(SuiteRunner.java:337)
at org.testng.SuiteRunner.run(SuiteRunner.java:286)
at org.testng.SuiteRunnerWorker.runSuite(SuiteRunnerWorker.java:53)
at org.testng.SuiteRunnerWorker.run(SuiteRunnerWorker.java:96)
at org.testng.TestNG.runSuitesSequentially(TestNG.java:1218)
at org.testng.TestNG.runSuitesLocally(TestNG.java:1140)
at org.testng.TestNG.runSuites(TestNG.java:1069)
at org.testng.TestNG.run(TestNG.java:1037)
at org.apache.maven.surefire.testng.TestNGExecutor.run(TestNGExecutor.java:135)
at org.apache.maven.surefire.testng.TestNGDirectoryTestSuite.executeSingleClass(TestNGDirectoryTestSuite.java:112)
at org.apache.maven.surefire.testng.TestNGDirectoryTestSuite.execute(TestNGDirectoryTestSuite.java:99)
at org.apache.maven.surefire.testng.TestNGProvider.invoke(TestNGProvider.java:146)
at org.apache.maven.surefire.booter.ForkedBooter.invokeProviderInSameClassLoader(ForkedBooter.java:383)
at org.apache.maven.surefire.booter.ForkedBooter.runSuitesInProcess(ForkedBooter.java:344)
at org.apache.maven.surefire.booter.ForkedBooter.execute(ForkedBooter.java:125)
at org.apache.maven.surefire.booter.ForkedBooter.main(ForkedBooter.java:417)
Caused by: java.lang.AssertionError: [Assrtion Failed]: Tool tip is displayed expected [false] but found [true]
at org.testng.Assert.fail(Assert.java:99)
at org.testng.Assert.failNotEquals(Assert.java:1037)
at org.testng.Assert.assertFalse(Assert.java:67)
at JukinMedia.automation.action.RegisterPageAction.verifyToolTipDisappears(RegisterPageAction.java:110)
at JukinMedia.automation.stepdefs.RegisterPageStepDef.verifyToolTipDisappears(RegisterPageStepDef.java:67)
at ✽.Then Verify tool tip disappers when user stops hovering over tool tip image(RegisterPage.feature:59)
]]>
            </full-stacktrace>
          </exception> <!-- cucumber.runtime.CucumberException -->
          <reporter-output>
            <line>
              <![CDATA[User launched login URL]]>
            </line>
            <line>
              <![CDATA[User clicks on Register link]]>
            </line>
            <line>
              <![CDATA[[Assertion Passed]: User is directed to Registration page]]>
            </line>
            <line>
              <![CDATA[*************************************]]>
            </line>
            <line>
              <![CDATA[Feature Name> Scenario Name: Verify on clicking register link user is directed to register page]]>
            </line>
            <line>
              <![CDATA[Scenario Result: PASSED]]>
            </line>
            <line>
              <![CDATA[[Assertion Passed]: Login form heading "Fill out the form to create your account." is displayed]]>
            </line>
            <line>
              <![CDATA[[Assertion Passed]: Email field is displayed]]>
            </line>
            <line>
              <![CDATA[[Assertion Passed]: Password field is displayed]]>
            </line>
            <line>
              <![CDATA[[Assertion Passed]: Confirm Password field is displayed]]>
            </line>
            <line>
              <![CDATA[[Assertion Passed]: Submit Button is displayed]]>
            </line>
            <line>
              <![CDATA[[Assertion Passed]: Back to login Button is displayed]]>
            </line>
            <line>
              <![CDATA[*************************************]]>
            </line>
            <line>
              <![CDATA[Feature Name> Scenario Name: Verify register page form elements]]>
            </line>
            <line>
              <![CDATA[Scenario Result: PASSED]]>
            </line>
            <line>
              <![CDATA[User enters the email abc@test.com]]>
            </line>
            <line>
              <![CDATA[User enters the password A@123]]>
            </line>
            <line>
              <![CDATA[User enters the confirmation password A@123]]>
            </line>
            <line>
              <![CDATA[User clicks on submit button]]>
            </line>
            <line>
              <![CDATA[Registration successful page is displayed]]>
            </line>
            <line>
              <![CDATA[*************************************]]>
            </line>
            <line>
              <![CDATA[Feature Name> Scenario Name: Verify user is able to successfully register on entering valid email and password]]>
            </line>
            <line>
              <![CDATA[Scenario Result: PASSED]]>
            </line>
            <line>
              <![CDATA[User launched login URL]]>
            </line>
            <line>
              <![CDATA[User clicks on Register link]]>
            </line>
            <line>
              <![CDATA[User clicks on submit button]]>
            </line>
            <line>
              <![CDATA[Exception page is displayed]]>
            </line>
            <line>
              <![CDATA[*************************************]]>
            </line>
            <line>
              <![CDATA[Feature Name> Scenario Name: Verify user is redirected to Exception page if user clicks on submit button leaving every field blank]]>
            </line>
            <line>
              <![CDATA[Scenario Result: PASSED]]>
            </line>
            <line>
              <![CDATA[User launched login URL]]>
            </line>
            <line>
              <![CDATA[User clicks on Register link]]>
            </line>
            <line>
              <![CDATA[User enters the email abc.com]]>
            </line>
            <line>
              <![CDATA[User enters the password A@123]]>
            </line>
            <line>
              <![CDATA[User enters the confirmation password A@123]]>
            </line>
            <line>
              <![CDATA[User clicks on submit button]]>
            </line>
            <line>
              <![CDATA[[Assertion Passed]: Fail Message is displayed: Please enter a valid Email.]]>
            </line>
            <line>
              <![CDATA[*************************************]]>
            </line>
            <line>
              <![CDATA[Feature Name> Scenario Name: Verify is user enters invalid email a fail message is displayed]]>
            </line>
            <line>
              <![CDATA[Scenario Result: PASSED]]>
            </line>
            <line>
              <![CDATA[User launched login URL]]>
            </line>
            <line>
              <![CDATA[User clicks on Register link]]>
            </line>
            <line>
              <![CDATA[User enters the email abc@test.com]]>
            </line>
            <line>
              <![CDATA[User enters the password A@123a]]>
            </line>
            <line>
              <![CDATA[User enters the confirmation password A@123]]>
            </line>
            <line>
              <![CDATA[User clicks on submit button]]>
            </line>
            <line>
              <![CDATA[[Assertion Passed]: Fail Message is displayed: Password confirmation must must match Password]]>
            </line>
            <line>
              <![CDATA[*************************************]]>
            </line>
            <line>
              <![CDATA[Feature Name> Scenario Name: Verify on password and confirm password field mismatch fail message is displayed]]>
            </line>
            <line>
              <![CDATA[Scenario Result: PASSED]]>
            </line>
            <line>
              <![CDATA[User hover over tool tip image]]>
            </line>
            <line>
              <![CDATA[[Assrtion Passed]: Tool tip is displayed on hovering too tip image]]>
            </line>
            <line>
              <![CDATA[*************************************]]>
            </line>
            <line>
              <![CDATA[Feature Name> Scenario Name: Verify on hovering over tool tip image tool tip text is displayed]]>
            </line>
            <line>
              <![CDATA[Scenario Result: PASSED]]>
            </line>
            <line>
              <![CDATA[User hover over email text field]]>
            </line>
            <line>
              <![CDATA[*************************************]]>
            </line>
            <line>
              <![CDATA[Feature Name> Scenario Name: Verify tool tip disappers when user stops hovering over tool tip image]]>
            </line>
            <line>
              <![CDATA[Scenario Result: FAILED]]>
            </line>
          </reporter-output>
        </test-method> <!-- feature -->
        <test-method status="PASS" signature="closeTestSession()[pri:0, instance:JukinMedia.automation.Runner@7fac631b]" name="closeTestSession" is-config="true" duration-ms="1039" started-at="2020-09-29T04:24:15 IST" finished-at="2020-09-29T04:24:16 IST">
          <reporter-output>
            <line>
              <![CDATA[Test over]]>
            </line>
          </reporter-output>
        </test-method> <!-- closeTestSession -->
        <test-method status="PASS" signature="tearDownClass()[pri:0, instance:JukinMedia.automation.Runner@7fac631b]" name="tearDownClass" is-config="true" duration-ms="36" started-at="2020-09-29T04:24:16 IST" finished-at="2020-09-29T04:24:16 IST">
          <reporter-output>
          </reporter-output>
        </test-method> <!-- tearDownClass -->
      </class> <!-- JukinMedia.automation.Runner -->
    </test> <!-- Surefire test -->
  </suite> <!-- Surefire suite -->
</testng-results>
