<?xml version="1.0" encoding="UTF-8"?>
<testng-results skipped="0" failed="1" total="1" passed="0">
  <reporter-output>
    <line>
      <![CDATA[User launched login URL]]>
    </line>
    <line>
      <![CDATA[User clicks on Register link]]>
    </line>
    <line>
      <![CDATA[[Assertion Passed]: User is directed to Registration page]]>
    </line>
    <line>
      <![CDATA[*************************************]]>
    </line>
    <line>
      <![CDATA[Feature Name> Scenario Name: Verify on clicking register link user is directed to register page]]>
    </line>
    <line>
      <![CDATA[Scenario Result: PASSED]]>
    </line>
    <line>
      <![CDATA[[Assertion Passed]: Login form heading "Fill out the form to create your account." is displayed]]>
    </line>
    <line>
      <![CDATA[[Assertion Passed]: Email field is displayed]]>
    </line>
    <line>
      <![CDATA[[Assertion Passed]: Password field is displayed]]>
    </line>
    <line>
      <![CDATA[[Assertion Passed]: Confirm Password field is displayed]]>
    </line>
    <line>
      <![CDATA[[Assertion Passed]: Submit Button is displayed]]>
    </line>
    <line>
      <![CDATA[[Assertion Passed]: Back to login Button is displayed]]>
    </line>
    <line>
      <![CDATA[*************************************]]>
    </line>
    <line>
      <![CDATA[Feature Name> Scenario Name: Verify register page form elements]]>
    </line>
    <line>
      <![CDATA[Scenario Result: PASSED]]>
    </line>
    <line>
      <![CDATA[User enters the email abc@test.com]]>
    </line>
    <line>
      <![CDATA[User enters the password A@123]]>
    </line>
    <line>
      <![CDATA[User enters the confirmation password A@123]]>
    </line>
    <line>
      <![CDATA[User clicks on submit button]]>
    </line>
    <line>
      <![CDATA[Registration successful page is displayed]]>
    </line>
    <line>
      <![CDATA[*************************************]]>
    </line>
    <line>
      <![CDATA[Feature Name> Scenario Name: Verify user is able to successfully register on entering valid email and password]]>
    </line>
    <line>
      <![CDATA[Scenario Result: PASSED]]>
    </line>
    <line>
      <![CDATA[User launched login URL]]>
    </line>
    <line>
      <![CDATA[User clicks on Register link]]>
    </line>
    <line>
      <![CDATA[User clicks on submit button]]>
    </line>
    <line>
      <![CDATA[Exception page is displayed]]>
    </line>
    <line>
      <![CDATA[*************************************]]>
    </line>
    <line>
      <![CDATA[Feature Name> Scenario Name: Verify user is redirected to Exception page if user clicks on submit button leaving every field blank]]>
    </line>
    <line>
      <![CDATA[Scenario Result: PASSED]]>
    </line>
    <line>
      <![CDATA[User launched login URL]]>
    </line>
    <line>
      <![CDATA[User clicks on Register link]]>
    </line>
    <line>
      <![CDATA[User enters the email abc.com]]>
    </line>
    <line>
      <![CDATA[User enters the password A@123]]>
    </line>
    <line>
      <![CDATA[User enters the confirmation password A@123]]>
    </line>
    <line>
      <![CDATA[User clicks on submit button]]>
    </line>
    <line>
      <![CDATA[[Assertion Passed]: Fail Message is displayed: Please enter a valid Email.]]>
    </line>
    <line>
      <![CDATA[*************************************]]>
    </line>
    <line>
      <![CDATA[Feature Name> Scenario Name: Verify is user enters invalid email a fail message is displayed]]>
    </line>
    <line>
      <![CDATA[Scenario Result: PASSED]]>
    </line>
    <line>
      <![CDATA[User launched login URL]]>
    </line>
    <line>
      <![CDATA[User clicks on Register link]]>
    </line>
    <line>
      <![CDATA[User enters the email abc@test.com]]>
    </line>
    <line>
      <![CDATA[User enters the password A@123a]]>
    </line>
    <line>
      <![CDATA[User enters the confirmation password A@123]]>
    </line>
    <line>
      <![CDATA[User clicks on submit button]]>
    </line>
    <line>
      <![CDATA[[Assertion Passed]: Fail Message is displayed: Password confirmation must must match Password]]>
    </line>
    <line>
      <![CDATA[*************************************]]>
    </line>
    <line>
      <![CDATA[Feature Name> Scenario Name: Verify on password and confirm password field mismatch fail message is displayed]]>
    </line>
    <line>
      <![CDATA[Scenario Result: PASSED]]>
    </line>
    <line>
      <![CDATA[User hover over tool tip image]]>
    </line>
    <line>
      <![CDATA[[Assrtion Passed]: Tool tip is displayed on hovering too tip image]]>
    </line>
    <line>
      <![CDATA[*************************************]]>
    </line>
    <line>
      <![CDATA[Feature Name> Scenario Name: Verify on hovering over tool tip image tool tip text is displayed]]>
    </line>
    <line>
      <![CDATA[Scenario Result: PASSED]]>
    </line>
    <line>
      <![CDATA[User hover over email text field]]>
    </line>
    <line>
      <![CDATA[*************************************]]>
    </line>
    <line>
      <![CDATA[Feature Name> Scenario Name: Verify tool tip disappers when user stops hovering over tool tip image]]>
    </line>
    <line>
      <![CDATA[Scenario Result: FAILED]]>
    </line>
  </reporter-output>
  <suite name="Default suite" duration-ms="12704" started-at="2020-09-28T22:03:24Z" finished-at="2020-09-28T22:03:37Z">
    <groups>
      <group name="cucumber">
        <method signature="AbstractTestNGCucumberTests.feature(cucumber.api.testng.CucumberFeatureWrapper)[pri:0, instance:JukinMedia.automation.Runner@380fb434]" name="feature" class="cucumber.api.testng.AbstractTestNGCucumberTests"/>
      </group> <!-- cucumber -->
    </groups>
    <test name="Default test" duration-ms="12704" started-at="2020-09-28T22:03:24Z" finished-at="2020-09-28T22:03:37Z">
      <class name="JukinMedia.automation.Runner">
        <test-method status="PASS" signature="setUpClass()[pri:0, instance:JukinMedia.automation.Runner@380fb434]" name="setUpClass" is-config="true" duration-ms="384" started-at="2020-09-29T03:33:24Z" finished-at="2020-09-29T03:33:25Z">
          <reporter-output>
          </reporter-output>
        </test-method> <!-- setUpClass -->
        <test-method status="PASS" signature="setup()[pri:0, instance:JukinMedia.automation.Runner@380fb434]" name="setup" is-config="true" duration-ms="5034" started-at="2020-09-29T03:33:25Z" finished-at="2020-09-29T03:33:30Z">
          <reporter-output>
          </reporter-output>
        </test-method> <!-- setup -->
        <test-method status="FAIL" signature="feature(cucumber.api.testng.CucumberFeatureWrapper)[pri:0, instance:JukinMedia.automation.Runner@380fb434]" name="feature" duration-ms="7130" started-at="2020-09-29T03:33:30Z" description="Runs Cucumber Feature" data-provider="features" finished-at="2020-09-29T03:33:37Z">
          <params>
            <param index="0">
              <value>
                <![CDATA[Register Page]]>
              </value>
            </param>
          </params>
          <exception class="cucumber.runtime.CucumberException">
            <message>
              <![CDATA[java.lang.AssertionError: [Assrtion Failed]: Tool tip is displayed expected [false] but found [true]]]>
            </message>
            <full-stacktrace>
              <![CDATA[cucumber.runtime.CucumberException: java.lang.AssertionError: [Assrtion Failed]: Tool tip is displayed expected [false] but found [true]
	at cucumber.api.testng.TestNGCucumberRunner.runCucumber(TestNGCucumberRunner.java:69)
	at cucumber.api.testng.AbstractTestNGCucumberTests.feature(AbstractTestNGCucumberTests.java:21)
	at sun.reflect.NativeMethodAccessorImpl.invoke0(Native Method)
	at sun.reflect.NativeMethodAccessorImpl.invoke(NativeMethodAccessorImpl.java:62)
	at sun.reflect.DelegatingMethodAccessorImpl.invoke(DelegatingMethodAccessorImpl.java:43)
	at java.lang.reflect.Method.invoke(Method.java:498)
	at org.testng.internal.MethodInvocationHelper.invokeMethod(MethodInvocationHelper.java:86)
	at org.testng.internal.Invoker.invokeMethod(Invoker.java:645)
	at org.testng.internal.Invoker.invokeTestMethod(Invoker.java:822)
	at org.testng.internal.Invoker.invokeTestMethods(Invoker.java:1130)
	at org.testng.internal.TestMethodWorker.invokeTestMethods(TestMethodWorker.java:129)
	at org.testng.internal.TestMethodWorker.run(TestMethodWorker.java:112)
	at org.testng.TestRunner.privateRun(TestRunner.java:782)
	at org.testng.TestRunner.run(TestRunner.java:632)
	at org.testng.SuiteRunner.runTest(SuiteRunner.java:366)
	at org.testng.SuiteRunner.runSequentially(SuiteRunner.java:361)
	at org.testng.SuiteRunner.privateRun(SuiteRunner.java:319)
	at org.testng.SuiteRunner.run(SuiteRunner.java:268)
	at org.testng.SuiteRunnerWorker.runSuite(SuiteRunnerWorker.java:52)
	at org.testng.SuiteRunnerWorker.run(SuiteRunnerWorker.java:86)
	at org.testng.TestNG.runSuitesSequentially(TestNG.java:1244)
	at org.testng.TestNG.runSuitesLocally(TestNG.java:1169)
	at org.testng.TestNG.run(TestNG.java:1064)
	at org.testng.remote.RemoteTestNG.run(RemoteTestNG.java:113)
	at org.testng.remote.RemoteTestNG.initAndRun(RemoteTestNG.java:206)
	at org.testng.remote.RemoteTestNG.main(RemoteTestNG.java:177)
Caused by: java.lang.AssertionError: [Assrtion Failed]: Tool tip is displayed expected [false] but found [true]
	at org.testng.Assert.fail(Assert.java:94)
	at org.testng.Assert.failNotEquals(Assert.java:513)
	at org.testng.Assert.assertFalse(Assert.java:63)
	at JukinMedia.automation.action.RegisterPageAction.verifyToolTipDisappears(RegisterPageAction.java:110)
	at JukinMedia.automation.stepdefs.RegisterPageStepDef.verifyToolTipDisappears(RegisterPageStepDef.java:67)
	at ✽.Then Verify tool tip disappers when user stops hovering over tool tip image(RegisterPage.feature:59)
]]>
            </full-stacktrace>
          </exception> <!-- cucumber.runtime.CucumberException -->
          <reporter-output>
            <line>
              <![CDATA[User launched login URL]]>
            </line>
            <line>
              <![CDATA[User clicks on Register link]]>
            </line>
            <line>
              <![CDATA[[Assertion Passed]: User is directed to Registration page]]>
            </line>
            <line>
              <![CDATA[*************************************]]>
            </line>
            <line>
              <![CDATA[Feature Name> Scenario Name: Verify on clicking register link user is directed to register page]]>
            </line>
            <line>
              <![CDATA[Scenario Result: PASSED]]>
            </line>
            <line>
              <![CDATA[[Assertion Passed]: Login form heading "Fill out the form to create your account." is displayed]]>
            </line>
            <line>
              <![CDATA[[Assertion Passed]: Email field is displayed]]>
            </line>
            <line>
              <![CDATA[[Assertion Passed]: Password field is displayed]]>
            </line>
            <line>
              <![CDATA[[Assertion Passed]: Confirm Password field is displayed]]>
            </line>
            <line>
              <![CDATA[[Assertion Passed]: Submit Button is displayed]]>
            </line>
            <line>
              <![CDATA[[Assertion Passed]: Back to login Button is displayed]]>
            </line>
            <line>
              <![CDATA[*************************************]]>
            </line>
            <line>
              <![CDATA[Feature Name> Scenario Name: Verify register page form elements]]>
            </line>
            <line>
              <![CDATA[Scenario Result: PASSED]]>
            </line>
            <line>
              <![CDATA[User enters the email abc@test.com]]>
            </line>
            <line>
              <![CDATA[User enters the password A@123]]>
            </line>
            <line>
              <![CDATA[User enters the confirmation password A@123]]>
            </line>
            <line>
              <![CDATA[User clicks on submit button]]>
            </line>
            <line>
              <![CDATA[Registration successful page is displayed]]>
            </line>
            <line>
              <![CDATA[*************************************]]>
            </line>
            <line>
              <![CDATA[Feature Name> Scenario Name: Verify user is able to successfully register on entering valid email and password]]>
            </line>
            <line>
              <![CDATA[Scenario Result: PASSED]]>
            </line>
            <line>
              <![CDATA[User launched login URL]]>
            </line>
            <line>
              <![CDATA[User clicks on Register link]]>
            </line>
            <line>
              <![CDATA[User clicks on submit button]]>
            </line>
            <line>
              <![CDATA[Exception page is displayed]]>
            </line>
            <line>
              <![CDATA[*************************************]]>
            </line>
            <line>
              <![CDATA[Feature Name> Scenario Name: Verify user is redirected to Exception page if user clicks on submit button leaving every field blank]]>
            </line>
            <line>
              <![CDATA[Scenario Result: PASSED]]>
            </line>
            <line>
              <![CDATA[User launched login URL]]>
            </line>
            <line>
              <![CDATA[User clicks on Register link]]>
            </line>
            <line>
              <![CDATA[User enters the email abc.com]]>
            </line>
            <line>
              <![CDATA[User enters the password A@123]]>
            </line>
            <line>
              <![CDATA[User enters the confirmation password A@123]]>
            </line>
            <line>
              <![CDATA[User clicks on submit button]]>
            </line>
            <line>
              <![CDATA[[Assertion Passed]: Fail Message is displayed: Please enter a valid Email.]]>
            </line>
            <line>
              <![CDATA[*************************************]]>
            </line>
            <line>
              <![CDATA[Feature Name> Scenario Name: Verify is user enters invalid email a fail message is displayed]]>
            </line>
            <line>
              <![CDATA[Scenario Result: PASSED]]>
            </line>
            <line>
              <![CDATA[User launched login URL]]>
            </line>
            <line>
              <![CDATA[User clicks on Register link]]>
            </line>
            <line>
              <![CDATA[User enters the email abc@test.com]]>
            </line>
            <line>
              <![CDATA[User enters the password A@123a]]>
            </line>
            <line>
              <![CDATA[User enters the confirmation password A@123]]>
            </line>
            <line>
              <![CDATA[User clicks on submit button]]>
            </line>
            <line>
              <![CDATA[[Assertion Passed]: Fail Message is displayed: Password confirmation must must match Password]]>
            </line>
            <line>
              <![CDATA[*************************************]]>
            </line>
            <line>
              <![CDATA[Feature Name> Scenario Name: Verify on password and confirm password field mismatch fail message is displayed]]>
            </line>
            <line>
              <![CDATA[Scenario Result: PASSED]]>
            </line>
            <line>
              <![CDATA[User hover over tool tip image]]>
            </line>
            <line>
              <![CDATA[[Assrtion Passed]: Tool tip is displayed on hovering too tip image]]>
            </line>
            <line>
              <![CDATA[*************************************]]>
            </line>
            <line>
              <![CDATA[Feature Name> Scenario Name: Verify on hovering over tool tip image tool tip text is displayed]]>
            </line>
            <line>
              <![CDATA[Scenario Result: PASSED]]>
            </line>
            <line>
              <![CDATA[User hover over email text field]]>
            </line>
            <line>
              <![CDATA[*************************************]]>
            </line>
            <line>
              <![CDATA[Feature Name> Scenario Name: Verify tool tip disappers when user stops hovering over tool tip image]]>
            </line>
            <line>
              <![CDATA[Scenario Result: FAILED]]>
            </line>
          </reporter-output>
        </test-method> <!-- feature -->
        <test-method status="PASS" signature="closeTestSession()[pri:0, instance:JukinMedia.automation.Runner@380fb434]" name="closeTestSession" is-config="true" duration-ms="0" started-at="2020-09-29T03:33:37Z" finished-at="2020-09-29T03:33:37Z">
          <reporter-output>
          </reporter-output>
        </test-method> <!-- closeTestSession -->
        <test-method status="PASS" signature="tearDownClass()[pri:0, instance:JukinMedia.automation.Runner@380fb434]" name="tearDownClass" is-config="true" duration-ms="18" started-at="2020-09-29T03:33:37Z" finished-at="2020-09-29T03:33:37Z">
          <reporter-output>
          </reporter-output>
        </test-method> <!-- tearDownClass -->
      </class> <!-- JukinMedia.automation.Runner -->
    </test> <!-- Default test -->
  </suite> <!-- Default suite -->
</testng-results>
