<?xml version="1.0" encoding="UTF-8"?>
<testng-results skipped="0" failed="0" total="1" passed="1">
  <reporter-output>
    <line>
      <![CDATA[User launched login URL]]>
    </line>
    <line>
      <![CDATA[User enters the user name <mailId>]]>
    </line>
    <line>
      <![CDATA[User enters the user name A@123]]>
    </line>
    <line>
      <![CDATA[User clicks on login button]]>
    </line>
    <line>
      <![CDATA[[Assertion Passed]: User is able to see Incorrect email/password combination text]]>
    </line>
    <line>
      <![CDATA[*************************************]]>
    </line>
    <line>
      <![CDATA[Feature Name> Scenario Name: Verify error messages "Incorrect email/password combination" is displayed when user enters invalid mail ID]]>
    </line>
    <line>
      <![CDATA[Scenario Result: PASSED]]>
    </line>
    <line>
      <![CDATA[User launched login URL]]>
    </line>
    <line>
      <![CDATA[User enters the user name <mailId>]]>
    </line>
    <line>
      <![CDATA[User enters the user name A@123]]>
    </line>
    <line>
      <![CDATA[User clicks on login button]]>
    </line>
    <line>
      <![CDATA[[Assertion Passed]: User is able to see Incorrect email/password combination text]]>
    </line>
    <line>
      <![CDATA[*************************************]]>
    </line>
    <line>
      <![CDATA[Feature Name> Scenario Name: Verify error messages "Incorrect email/password combination" is displayed when user enters invalid mail ID]]>
    </line>
    <line>
      <![CDATA[Scenario Result: PASSED]]>
    </line>
    <line>
      <![CDATA[User launched login URL]]>
    </line>
    <line>
      <![CDATA[User enters the user name <mailId>]]>
    </line>
    <line>
      <![CDATA[User enters the user name A@123]]>
    </line>
    <line>
      <![CDATA[User clicks on login button]]>
    </line>
    <line>
      <![CDATA[[Assertion Passed]: User is able to see Incorrect email/password combination text]]>
    </line>
    <line>
      <![CDATA[*************************************]]>
    </line>
    <line>
      <![CDATA[Feature Name> Scenario Name: Verify error messages "Incorrect email/password combination" is displayed when user enters invalid mail ID]]>
    </line>
    <line>
      <![CDATA[Scenario Result: PASSED]]>
    </line>
    <line>
      <![CDATA[User launched login URL]]>
    </line>
    <line>
      <![CDATA[User enters the user name <mailId>]]>
    </line>
    <line>
      <![CDATA[User enters the user name A@123]]>
    </line>
    <line>
      <![CDATA[User clicks on login button]]>
    </line>
    <line>
      <![CDATA[[Assertion Passed]: User is able to see Incorrect email/password combination text]]>
    </line>
    <line>
      <![CDATA[*************************************]]>
    </line>
    <line>
      <![CDATA[Feature Name> Scenario Name: Verify error messages "Incorrect email/password combination" is displayed when user enters invalid mail ID]]>
    </line>
    <line>
      <![CDATA[Scenario Result: PASSED]]>
    </line>
    <line>
      <![CDATA[User launched login URL]]>
    </line>
    <line>
      <![CDATA[User enters the user name quality@jukinmedia.com]]>
    </line>
    <line>
      <![CDATA[User enters the user name A@123]]>
    </line>
    <line>
      <![CDATA[User clicks on login button]]>
    </line>
    <line>
      <![CDATA[[Assertion Passed]: Incorrect password text is displayed]]>
    </line>
    <line>
      <![CDATA[*************************************]]>
    </line>
    <line>
      <![CDATA[Feature Name> Scenario Name: Verify error message "Incorrect password" is displayed when user enters incorrect password]]>
    </line>
    <line>
      <![CDATA[Scenario Result: PASSED]]>
    </line>
  </reporter-output>
  <suite name="Default suite" duration-ms="12376" started-at="2020-09-30T13:14:38Z" finished-at="2020-09-30T13:14:51Z">
    <groups>
      <group name="cucumber">
        <method signature="AbstractTestNGCucumberTests.feature(cucumber.api.testng.CucumberFeatureWrapper)[pri:0, instance:JukinMedia.automation.Runner@62043840]" name="feature" class="cucumber.api.testng.AbstractTestNGCucumberTests"/>
      </group> <!-- cucumber -->
    </groups>
    <test name="Default test" duration-ms="12376" started-at="2020-09-30T13:14:38Z" finished-at="2020-09-30T13:14:51Z">
      <class name="JukinMedia.automation.Runner">
        <test-method status="PASS" signature="setUpClass()[pri:0, instance:JukinMedia.automation.Runner@62043840]" name="setUpClass" is-config="true" duration-ms="324" started-at="2020-09-30T18:44:38Z" finished-at="2020-09-30T18:44:39Z">
          <reporter-output>
          </reporter-output>
        </test-method> <!-- setUpClass -->
        <test-method status="PASS" signature="setup()[pri:0, instance:JukinMedia.automation.Runner@62043840]" name="setup" is-config="true" duration-ms="6126" started-at="2020-09-30T18:44:39Z" finished-at="2020-09-30T18:44:45Z">
          <reporter-output>
          </reporter-output>
        </test-method> <!-- setup -->
        <test-method status="PASS" signature="feature(cucumber.api.testng.CucumberFeatureWrapper)[pri:0, instance:JukinMedia.automation.Runner@62043840]" name="feature" duration-ms="5770" started-at="2020-09-30T18:44:45Z" description="Runs Cucumber Feature" data-provider="features" finished-at="2020-09-30T18:44:51Z">
          <params>
            <param index="0">
              <value>
                <![CDATA[Login Page]]>
              </value>
            </param>
          </params>
          <reporter-output>
            <line>
              <![CDATA[User launched login URL]]>
            </line>
            <line>
              <![CDATA[User enters the user name <mailId>]]>
            </line>
            <line>
              <![CDATA[User enters the user name A@123]]>
            </line>
            <line>
              <![CDATA[User clicks on login button]]>
            </line>
            <line>
              <![CDATA[[Assertion Passed]: User is able to see Incorrect email/password combination text]]>
            </line>
            <line>
              <![CDATA[*************************************]]>
            </line>
            <line>
              <![CDATA[Feature Name> Scenario Name: Verify error messages "Incorrect email/password combination" is displayed when user enters invalid mail ID]]>
            </line>
            <line>
              <![CDATA[Scenario Result: PASSED]]>
            </line>
            <line>
              <![CDATA[User launched login URL]]>
            </line>
            <line>
              <![CDATA[User enters the user name <mailId>]]>
            </line>
            <line>
              <![CDATA[User enters the user name A@123]]>
            </line>
            <line>
              <![CDATA[User clicks on login button]]>
            </line>
            <line>
              <![CDATA[[Assertion Passed]: User is able to see Incorrect email/password combination text]]>
            </line>
            <line>
              <![CDATA[*************************************]]>
            </line>
            <line>
              <![CDATA[Feature Name> Scenario Name: Verify error messages "Incorrect email/password combination" is displayed when user enters invalid mail ID]]>
            </line>
            <line>
              <![CDATA[Scenario Result: PASSED]]>
            </line>
            <line>
              <![CDATA[User launched login URL]]>
            </line>
            <line>
              <![CDATA[User enters the user name <mailId>]]>
            </line>
            <line>
              <![CDATA[User enters the user name A@123]]>
            </line>
            <line>
              <![CDATA[User clicks on login button]]>
            </line>
            <line>
              <![CDATA[[Assertion Passed]: User is able to see Incorrect email/password combination text]]>
            </line>
            <line>
              <![CDATA[*************************************]]>
            </line>
            <line>
              <![CDATA[Feature Name> Scenario Name: Verify error messages "Incorrect email/password combination" is displayed when user enters invalid mail ID]]>
            </line>
            <line>
              <![CDATA[Scenario Result: PASSED]]>
            </line>
            <line>
              <![CDATA[User launched login URL]]>
            </line>
            <line>
              <![CDATA[User enters the user name <mailId>]]>
            </line>
            <line>
              <![CDATA[User enters the user name A@123]]>
            </line>
            <line>
              <![CDATA[User clicks on login button]]>
            </line>
            <line>
              <![CDATA[[Assertion Passed]: User is able to see Incorrect email/password combination text]]>
            </line>
            <line>
              <![CDATA[*************************************]]>
            </line>
            <line>
              <![CDATA[Feature Name> Scenario Name: Verify error messages "Incorrect email/password combination" is displayed when user enters invalid mail ID]]>
            </line>
            <line>
              <![CDATA[Scenario Result: PASSED]]>
            </line>
            <line>
              <![CDATA[User launched login URL]]>
            </line>
            <line>
              <![CDATA[User enters the user name quality@jukinmedia.com]]>
            </line>
            <line>
              <![CDATA[User enters the user name A@123]]>
            </line>
            <line>
              <![CDATA[User clicks on login button]]>
            </line>
            <line>
              <![CDATA[[Assertion Passed]: Incorrect password text is displayed]]>
            </line>
            <line>
              <![CDATA[*************************************]]>
            </line>
            <line>
              <![CDATA[Feature Name> Scenario Name: Verify error message "Incorrect password" is displayed when user enters incorrect password]]>
            </line>
            <line>
              <![CDATA[Scenario Result: PASSED]]>
            </line>
          </reporter-output>
        </test-method> <!-- feature -->
        <test-method status="PASS" signature="tearDownClass()[pri:0, instance:JukinMedia.automation.Runner@62043840]" name="tearDownClass" is-config="true" duration-ms="20" started-at="2020-09-30T18:44:51Z" finished-at="2020-09-30T18:44:51Z">
          <reporter-output>
          </reporter-output>
        </test-method> <!-- tearDownClass -->
        <test-method status="PASS" signature="closeTestSession()[pri:0, instance:JukinMedia.automation.Runner@62043840]" name="closeTestSession" is-config="true" duration-ms="0" started-at="2020-09-30T18:44:51Z" finished-at="2020-09-30T18:44:51Z">
          <reporter-output>
          </reporter-output>
        </test-method> <!-- closeTestSession -->
      </class> <!-- JukinMedia.automation.Runner -->
    </test> <!-- Default test -->
  </suite> <!-- Default suite -->
</testng-results>
