<?xml version="1.0" encoding="UTF-8"?>
<!-- Generated by org.testng.reporters.JUnitReportReporter -->
<testsuite skipped="0" hostname="LNLA072P3014" name="JukinMedia.automation.Runner" tests="2" failures="0" timestamp="2020-09-29T04:24:17 IST" time="14.985" errors="2">
  <testcase name="feature" time="9.587" classname="JukinMedia.automation.Runner">
    <error type="cucumber.runtime.CucumberException" message="java.lang.AssertionError: [Assrtion Failed]: Tool tip is displayed expected [false] but found [true]">
      <![CDATA[cucumber.runtime.CucumberException: java.lang.AssertionError: [Assrtion Failed]: Tool tip is displayed expected [false] but found [true]
at cucumber.api.testng.TestNGCucumberRunner.runCucumber(TestNGCucumberRunner.java:69)
at cucumber.api.testng.AbstractTestNGCucumberTests.feature(AbstractTestNGCucumberTests.java:21)
at sun.reflect.NativeMethodAccessorImpl.invoke0(Native Method)
at sun.reflect.NativeMethodAccessorImpl.invoke(NativeMethodAccessorImpl.java:62)
at sun.reflect.DelegatingMethodAccessorImpl.invoke(DelegatingMethodAccessorImpl.java:43)
at java.lang.reflect.Method.invoke(Method.java:498)
at org.testng.internal.MethodInvocationHelper.invokeMethod(MethodInvocationHelper.java:132)
at org.testng.internal.TestInvoker.invokeMethod(TestInvoker.java:599)
at org.testng.internal.TestInvoker.invokeTestMethod(TestInvoker.java:174)
at org.testng.internal.MethodRunner.runInSequence(MethodRunner.java:46)
at org.testng.internal.TestInvoker$MethodInvocationAgent.invoke(TestInvoker.java:822)
at org.testng.internal.TestInvoker.invokeTestMethods(TestInvoker.java:147)
at org.testng.internal.TestMethodWorker.invokeTestMethods(TestMethodWorker.java:146)
at org.testng.internal.TestMethodWorker.run(TestMethodWorker.java:128)
at java.util.ArrayList.forEach(ArrayList.java:1257)
at org.testng.TestRunner.privateRun(TestRunner.java:764)
at org.testng.TestRunner.run(TestRunner.java:585)
at org.testng.SuiteRunner.runTest(SuiteRunner.java:384)
at org.testng.SuiteRunner.runSequentially(SuiteRunner.java:378)
at org.testng.SuiteRunner.privateRun(SuiteRunner.java:337)
at org.testng.SuiteRunner.run(SuiteRunner.java:286)
at org.testng.SuiteRunnerWorker.runSuite(SuiteRunnerWorker.java:53)
at org.testng.SuiteRunnerWorker.run(SuiteRunnerWorker.java:96)
at org.testng.TestNG.runSuitesSequentially(TestNG.java:1218)
at org.testng.TestNG.runSuitesLocally(TestNG.java:1140)
at org.testng.TestNG.runSuites(TestNG.java:1069)
at org.testng.TestNG.run(TestNG.java:1037)
at org.apache.maven.surefire.testng.TestNGExecutor.run(TestNGExecutor.java:135)
at org.apache.maven.surefire.testng.TestNGDirectoryTestSuite.executeSingleClass(TestNGDirectoryTestSuite.java:112)
at org.apache.maven.surefire.testng.TestNGDirectoryTestSuite.execute(TestNGDirectoryTestSuite.java:99)
at org.apache.maven.surefire.testng.TestNGProvider.invoke(TestNGProvider.java:146)
at org.apache.maven.surefire.booter.ForkedBooter.invokeProviderInSameClassLoader(ForkedBooter.java:383)
at org.apache.maven.surefire.booter.ForkedBooter.runSuitesInProcess(ForkedBooter.java:344)
at org.apache.maven.surefire.booter.ForkedBooter.execute(ForkedBooter.java:125)
at org.apache.maven.surefire.booter.ForkedBooter.main(ForkedBooter.java:417)
Caused by: java.lang.AssertionError: [Assrtion Failed]: Tool tip is displayed expected [false] but found [true]
at org.testng.Assert.fail(Assert.java:99)
at org.testng.Assert.failNotEquals(Assert.java:1037)
at org.testng.Assert.assertFalse(Assert.java:67)
at JukinMedia.automation.action.RegisterPageAction.verifyToolTipDisappears(RegisterPageAction.java:110)
at JukinMedia.automation.stepdefs.RegisterPageStepDef.verifyToolTipDisappears(RegisterPageStepDef.java:67)
at ✽.Then Verify tool tip disappers when user stops hovering over tool tip image(RegisterPage.feature:59)
]]>
    </error>
  </testcase> <!-- feature -->
  <system-out>
User launched login URL User clicks on Register link [Assertion Passed]: User is directed to Registration page ************************************* Feature Name> Scenario Name: Verify on clicking register link user is directed to register page Scenario Result: PASSED [Assertion Passed]: Login form heading "Fill out the form to create your account." is displayed [Assertion Passed]: Email field is displayed [Assertion Passed]: Password field is displayed [Assertion Passed]: Confirm Password field is displayed [Assertion Passed]: Submit Button is displayed [Assertion Passed]: Back to login Button is displayed ************************************* Feature Name> Scenario Name: Verify register page form elements Scenario Result: PASSED User enters the email abc@test.com User enters the password A@123 User enters the confirmation password A@123 User clicks on submit button Registration successful page is displayed ************************************* Feature Name> Scenario Name: Verify user is able to successfully register on entering valid email and password Scenario Result: PASSED User launched login URL User clicks on Register link User clicks on submit button Exception page is displayed ************************************* Feature Name> Scenario Name: Verify user is redirected to Exception page if user clicks on submit button leaving every field blank Scenario Result: PASSED User launched login URL User clicks on Register link User enters the email abc.com User enters the password A@123 User enters the confirmation password A@123 User clicks on submit button [Assertion Passed]: Fail Message is displayed: Please enter a valid Email. ************************************* Feature Name> Scenario Name: Verify is user enters invalid email a fail message is displayed Scenario Result: PASSED User launched login URL User clicks on Register link User enters the email abc@test.com User enters the password A@123a User enters the confirmation password A@123 User clicks on submit button [Assertion Passed]: Fail Message is displayed: Password confirmation must must match Password ************************************* Feature Name> Scenario Name: Verify on password and confirm password field mismatch fail message is displayed Scenario Result: PASSED User hover over tool tip image [Assrtion Passed]: Tool tip is displayed on hovering too tip image ************************************* Feature Name> Scenario Name: Verify on hovering over tool tip image tool tip text is displayed Scenario Result: PASSED User hover over email text field ************************************* Feature Name> Scenario Name: Verify tool tip disappers when user stops hovering over tool tip image Scenario Result: FAILED  </system-out>
  <testcase name="feature" time="5.398" classname="JukinMedia.automation.Runner">
    <error type="cucumber.runtime.CucumberException" message="java.lang.AssertionError: [Assertion Failed]: Cursor is not enabled expected [true] but found [false]">
      <![CDATA[cucumber.runtime.CucumberException: java.lang.AssertionError: [Assertion Failed]: Cursor is not enabled expected [true] but found [false]
at cucumber.api.testng.TestNGCucumberRunner.runCucumber(TestNGCucumberRunner.java:69)
at cucumber.api.testng.AbstractTestNGCucumberTests.feature(AbstractTestNGCucumberTests.java:21)
at sun.reflect.NativeMethodAccessorImpl.invoke0(Native Method)
at sun.reflect.NativeMethodAccessorImpl.invoke(NativeMethodAccessorImpl.java:62)
at sun.reflect.DelegatingMethodAccessorImpl.invoke(DelegatingMethodAccessorImpl.java:43)
at java.lang.reflect.Method.invoke(Method.java:498)
at org.testng.internal.MethodInvocationHelper.invokeMethod(MethodInvocationHelper.java:132)
at org.testng.internal.TestInvoker.invokeMethod(TestInvoker.java:599)
at org.testng.internal.TestInvoker.invokeTestMethod(TestInvoker.java:174)
at org.testng.internal.MethodRunner.runInSequence(MethodRunner.java:46)
at org.testng.internal.TestInvoker$MethodInvocationAgent.invoke(TestInvoker.java:822)
at org.testng.internal.TestInvoker.invokeTestMethods(TestInvoker.java:147)
at org.testng.internal.TestMethodWorker.invokeTestMethods(TestMethodWorker.java:146)
at org.testng.internal.TestMethodWorker.run(TestMethodWorker.java:128)
at java.util.ArrayList.forEach(ArrayList.java:1257)
at org.testng.TestRunner.privateRun(TestRunner.java:764)
at org.testng.TestRunner.run(TestRunner.java:585)
at org.testng.SuiteRunner.runTest(SuiteRunner.java:384)
at org.testng.SuiteRunner.runSequentially(SuiteRunner.java:378)
at org.testng.SuiteRunner.privateRun(SuiteRunner.java:337)
at org.testng.SuiteRunner.run(SuiteRunner.java:286)
at org.testng.SuiteRunnerWorker.runSuite(SuiteRunnerWorker.java:53)
at org.testng.SuiteRunnerWorker.run(SuiteRunnerWorker.java:96)
at org.testng.TestNG.runSuitesSequentially(TestNG.java:1218)
at org.testng.TestNG.runSuitesLocally(TestNG.java:1140)
at org.testng.TestNG.runSuites(TestNG.java:1069)
at org.testng.TestNG.run(TestNG.java:1037)
at org.apache.maven.surefire.testng.TestNGExecutor.run(TestNGExecutor.java:135)
at org.apache.maven.surefire.testng.TestNGDirectoryTestSuite.executeSingleClass(TestNGDirectoryTestSuite.java:112)
at org.apache.maven.surefire.testng.TestNGDirectoryTestSuite.execute(TestNGDirectoryTestSuite.java:99)
at org.apache.maven.surefire.testng.TestNGProvider.invoke(TestNGProvider.java:146)
at org.apache.maven.surefire.booter.ForkedBooter.invokeProviderInSameClassLoader(ForkedBooter.java:383)
at org.apache.maven.surefire.booter.ForkedBooter.runSuitesInProcess(ForkedBooter.java:344)
at org.apache.maven.surefire.booter.ForkedBooter.execute(ForkedBooter.java:125)
at org.apache.maven.surefire.booter.ForkedBooter.main(ForkedBooter.java:417)
Caused by: java.lang.AssertionError: [Assertion Failed]: Cursor is not enabled expected [true] but found [false]
at org.testng.Assert.fail(Assert.java:99)
at org.testng.Assert.failNotEquals(Assert.java:1037)
at org.testng.Assert.assertTrue(Assert.java:45)
at JukinMedia.automation.action.LoginPageAction.verifyCursorIsEnabledWhenUserHoverOverLoginButton(LoginPageAction.java:147)
at JukinMedia.automation.stepdefs.LoginPageStepDef.verifyCursorIsEnabledWhenUserHoverOverLoginButton(LoginPageStepDef.java:108)
at ✽.Then Verify cursor should be enabled when user hover over the login button(LoginPage.feature:45)
]]>
    </error>
  </testcase> <!-- feature -->
  <system-out>
User launched login URL [Assertion Passed]: Login form heading "Fill fields below to log in." is displayed [Assertion Passed]: Username field is displayed [Assertion Passed]: Password field is displayed [Assertion Passed]: Forgot Password link is displayed [Assertion Passed]: Register link is displayed [Assertion Passed]: Login Button is displayed [Assertion Passed]: Login button is disabled ************************************* Feature Name> Scenario Name: Verify elements of login forms are displayed Scenario Result: PASSED User launched login URL User enters valid username and password User clicks on login button [Assertion Passed]: User is able to login successfully ************************************* Feature Name> Scenario Name: Verify user is able to login using valid credentials Scenario Result: PASSED User launched login URL User enters the user name abc@test.com User enters the user name A@123 User clicks on login button [Assertion Passed]: User is able to see Incorrect email/password combination text User is not able to login ************************************* Feature Name> Scenario Name: Verify user is not able to login using invalid credentials Scenario Result: PASSED User launched login URL User enters the user name abc@test.com User enters the user name A@123 [Assertion Passed]: Login Button is enabled ************************************* Feature Name> Scenario Name: Verify login button should get enabled when user has filled username and password fields Scenario Result: PASSED User launched login URL User enters the user name abc@test.com User enters the user name A@123 User hover over login Button Found cursor style: not-allowed ************************************* Feature Name> Scenario Name: Verify mouse cursor should be enabled when user hovers over login button after filling username and password fields Scenario Result: FAILED  </system-out>
</testsuite> <!-- JukinMedia.automation.Runner -->
